2023-04-25 15:56:44,202 DEBUG    module.py    line 217  create numpy random generator by seed: 42
2023-04-25 15:56:44,225 INFO     abstract_optimizer.py line 201  hp_ready: 0, hp_running: 0, hp_finished: 0, total: 30, pool_size: 4
2023-04-25 15:56:44,443 INFO     abstract_optimizer.py line 201  hp_ready: 1, hp_running: 0, hp_finished: 0, total: 30, pool_size: 3
2023-04-25 15:56:44,640 INFO     abstract_optimizer.py line 201  hp_ready: 2, hp_running: 0, hp_finished: 0, total: 30, pool_size: 2
2023-04-25 15:56:44,890 INFO     abstract_optimizer.py line 201  hp_ready: 3, hp_running: 0, hp_finished: 0, total: 30, pool_size: 1
2023-04-25 15:56:44,894 INFO     module.py    line 125  0/30, finished, ready: 3, running: 0
2023-04-25 15:56:45,072 INFO     abstract_optimizer.py line 201  hp_ready: 2, hp_running: 1, hp_finished: 0, total: 30, pool_size: 1
2023-04-25 15:56:45,075 INFO     module.py    line 125  0/30, finished, ready: 2, running: 1
2023-04-25 15:56:45,269 INFO     abstract_optimizer.py line 201  hp_ready: 1, hp_running: 2, hp_finished: 0, total: 30, pool_size: 1
2023-04-25 15:56:45,273 INFO     module.py    line 125  0/30, finished, ready: 1, running: 2
2023-04-25 15:56:45,477 INFO     abstract_optimizer.py line 201  hp_ready: 0, hp_running: 3, hp_finished: 0, total: 30, pool_size: 1
2023-04-25 15:56:45,480 INFO     module.py    line 125  0/30, finished, ready: 0, running: 3
2023-04-25 15:56:45,645 INFO     abstract_optimizer.py line 201  hp_ready: 0, hp_running: 3, hp_finished: 0, total: 30, pool_size: 1
2023-04-25 15:56:45,649 INFO     module.py    line 125  0/30, finished, ready: 0, running: 3
2023-04-25 15:56:45,824 INFO     abstract_optimizer.py line 201  hp_ready: 0, hp_running: 3, hp_finished: 0, total: 30, pool_size: 1
2023-04-25 15:56:45,828 INFO     module.py    line 125  0/30, finished, ready: 0, running: 3
2023-04-25 15:56:45,993 INFO     abstract_optimizer.py line 201  hp_ready: 0, hp_running: 3, hp_finished: 0, total: 30, pool_size: 1
2023-04-25 15:56:45,996 INFO     module.py    line 125  0/30, finished, ready: 0, running: 3
2023-04-25 15:56:46,221 INFO     abstract_optimizer.py line 201  hp_ready: 0, hp_running: 3, hp_finished: 0, total: 30, pool_size: 1
2023-04-25 15:56:46,226 INFO     module.py    line 125  0/30, finished, ready: 0, running: 3
2023-04-25 15:56:46,442 INFO     abstract_optimizer.py line 201  hp_ready: 0, hp_running: 3, hp_finished: 0, total: 30, pool_size: 1
2023-04-25 15:56:46,451 INFO     module.py    line 125  0/30, finished, ready: 0, running: 3
2023-04-25 15:56:46,630 INFO     abstract_optimizer.py line 201  hp_ready: 0, hp_running: 3, hp_finished: 0, total: 30, pool_size: 1
2023-04-25 15:56:46,640 INFO     module.py    line 125  0/30, finished, ready: 0, running: 3
2023-04-25 15:56:46,876 INFO     abstract_optimizer.py line 201  hp_ready: 0, hp_running: 3, hp_finished: 0, total: 30, pool_size: 1
2023-04-25 15:56:46,882 INFO     module.py    line 125  0/30, finished, ready: 0, running: 3
2023-04-25 15:56:47,041 INFO     abstract_optimizer.py line 201  hp_ready: 0, hp_running: 3, hp_finished: 0, total: 30, pool_size: 1
2023-04-25 15:56:47,051 INFO     module.py    line 125  0/30, finished, ready: 0, running: 3
2023-04-25 15:56:47,319 INFO     abstract_optimizer.py line 201  hp_ready: 0, hp_running: 3, hp_finished: 0, total: 30, pool_size: 1
2023-04-25 15:56:47,325 INFO     module.py    line 125  0/30, finished, ready: 0, running: 3
2023-04-25 15:56:47,531 INFO     abstract_optimizer.py line 201  hp_ready: 0, hp_running: 3, hp_finished: 0, total: 30, pool_size: 1
2023-04-25 15:56:47,536 INFO     module.py    line 125  0/30, finished, ready: 0, running: 3
2023-04-25 15:56:47,703 INFO     abstract_optimizer.py line 201  hp_ready: 0, hp_running: 3, hp_finished: 0, total: 30, pool_size: 1
2023-04-25 15:56:47,706 INFO     module.py    line 125  0/30, finished, ready: 0, running: 3
2023-04-25 15:56:47,935 INFO     abstract_optimizer.py line 201  hp_ready: 0, hp_running: 2, hp_finished: 1, total: 30, pool_size: 2
2023-04-25 15:56:47,936 INFO     module.py    line 125  1/30, finished, ready: 0, running: 2
2023-04-25 15:56:48,126 INFO     abstract_optimizer.py line 201  hp_ready: 0, hp_running: 1, hp_finished: 2, total: 30, pool_size: 3
2023-04-25 15:56:48,127 DEBUG    _nelder_mead.py line 174  _add_executing out of boundary y: [106.53406066 549.37279061]
2023-04-25 15:56:48,127 INFO     module.py    line 125  2/30, finished, ready: 0, running: 1
2023-04-25 15:56:48,306 INFO     abstract_optimizer.py line 201  hp_ready: 0, hp_running: 0, hp_finished: 3, total: 30, pool_size: 4
2023-04-25 15:56:48,554 INFO     abstract_optimizer.py line 201  hp_ready: 1, hp_running: 0, hp_finished: 3, total: 30, pool_size: 3
2023-04-25 15:56:48,555 INFO     module.py    line 125  3/30, finished, ready: 1, running: 0
2023-04-25 15:56:48,717 INFO     abstract_optimizer.py line 201  hp_ready: 1, hp_running: 0, hp_finished: 3, total: 30, pool_size: 3
2023-04-25 15:56:48,718 INFO     module.py    line 125  3/30, finished, ready: 1, running: 0
2023-04-25 15:56:48,867 INFO     abstract_optimizer.py line 201  hp_ready: 1, hp_running: 0, hp_finished: 3, total: 30, pool_size: 3
2023-04-25 15:56:48,868 INFO     module.py    line 125  3/30, finished, ready: 1, running: 0
2023-04-25 15:56:49,039 INFO     abstract_optimizer.py line 201  hp_ready: 0, hp_running: 1, hp_finished: 3, total: 30, pool_size: 3
2023-04-25 15:56:49,040 INFO     module.py    line 125  3/30, finished, ready: 0, running: 1
2023-04-25 15:56:49,197 INFO     abstract_optimizer.py line 201  hp_ready: 0, hp_running: 1, hp_finished: 3, total: 30, pool_size: 3
2023-04-25 15:56:49,198 INFO     module.py    line 125  3/30, finished, ready: 0, running: 1
2023-04-25 15:56:49,340 INFO     abstract_optimizer.py line 201  hp_ready: 0, hp_running: 1, hp_finished: 3, total: 30, pool_size: 3
2023-04-25 15:56:49,341 INFO     module.py    line 125  3/30, finished, ready: 0, running: 1
2023-04-25 15:56:49,493 INFO     abstract_optimizer.py line 201  hp_ready: 0, hp_running: 1, hp_finished: 3, total: 30, pool_size: 3
2023-04-25 15:56:49,494 INFO     module.py    line 125  3/30, finished, ready: 0, running: 1
2023-04-25 15:56:49,639 INFO     abstract_optimizer.py line 201  hp_ready: 0, hp_running: 1, hp_finished: 3, total: 30, pool_size: 3
2023-04-25 15:56:49,641 INFO     module.py    line 125  3/30, finished, ready: 0, running: 1
2023-04-25 15:56:49,793 INFO     abstract_optimizer.py line 201  hp_ready: 0, hp_running: 1, hp_finished: 3, total: 30, pool_size: 3
2023-04-25 15:56:49,794 INFO     module.py    line 125  3/30, finished, ready: 0, running: 1
2023-04-25 15:56:49,989 INFO     abstract_optimizer.py line 201  hp_ready: 0, hp_running: 1, hp_finished: 3, total: 30, pool_size: 3
2023-04-25 15:56:49,992 INFO     module.py    line 125  3/30, finished, ready: 0, running: 1
2023-04-25 15:56:50,146 INFO     abstract_optimizer.py line 201  hp_ready: 0, hp_running: 1, hp_finished: 3, total: 30, pool_size: 3
2023-04-25 15:56:50,148 INFO     module.py    line 125  3/30, finished, ready: 0, running: 1
2023-04-25 15:56:50,281 INFO     abstract_optimizer.py line 201  hp_ready: 0, hp_running: 1, hp_finished: 3, total: 30, pool_size: 3
2023-04-25 15:56:50,283 INFO     module.py    line 125  3/30, finished, ready: 0, running: 1
2023-04-25 15:56:50,430 INFO     abstract_optimizer.py line 201  hp_ready: 0, hp_running: 1, hp_finished: 3, total: 30, pool_size: 3
2023-04-25 15:56:50,433 INFO     module.py    line 125  3/30, finished, ready: 0, running: 1
2023-04-25 15:56:50,625 INFO     abstract_optimizer.py line 201  hp_ready: 0, hp_running: 1, hp_finished: 3, total: 30, pool_size: 3
2023-04-25 15:56:50,626 INFO     module.py    line 125  3/30, finished, ready: 0, running: 1
2023-04-25 15:56:50,760 INFO     abstract_optimizer.py line 201  hp_ready: 0, hp_running: 1, hp_finished: 3, total: 30, pool_size: 3
2023-04-25 15:56:50,761 INFO     module.py    line 125  3/30, finished, ready: 0, running: 1
2023-04-25 15:56:50,925 INFO     abstract_optimizer.py line 201  hp_ready: 0, hp_running: 1, hp_finished: 3, total: 30, pool_size: 3
2023-04-25 15:56:50,926 INFO     module.py    line 125  3/30, finished, ready: 0, running: 1
2023-04-25 15:56:51,067 INFO     abstract_optimizer.py line 201  hp_ready: 0, hp_running: 1, hp_finished: 3, total: 30, pool_size: 3
2023-04-25 15:56:51,285 INFO     abstract_optimizer.py line 201  hp_ready: 1, hp_running: 0, hp_finished: 4, total: 30, pool_size: 3
2023-04-25 15:56:51,555 INFO     abstract_optimizer.py line 201  hp_ready: 2, hp_running: 0, hp_finished: 4, total: 30, pool_size: 2
2023-04-25 15:56:51,558 INFO     module.py    line 125  4/30, finished, ready: 2, running: 0
2023-04-25 15:56:51,721 INFO     abstract_optimizer.py line 201  hp_ready: 2, hp_running: 0, hp_finished: 4, total: 30, pool_size: 2
2023-04-25 15:56:51,723 INFO     module.py    line 125  4/30, finished, ready: 2, running: 0
2023-04-25 15:56:51,910 INFO     abstract_optimizer.py line 201  hp_ready: 1, hp_running: 1, hp_finished: 4, total: 30, pool_size: 2
2023-04-25 15:56:51,912 INFO     module.py    line 125  4/30, finished, ready: 1, running: 1
2023-04-25 15:56:52,091 INFO     abstract_optimizer.py line 201  hp_ready: 0, hp_running: 2, hp_finished: 4, total: 30, pool_size: 2
2023-04-25 15:56:52,094 INFO     module.py    line 125  4/30, finished, ready: 0, running: 2
2023-04-25 15:56:52,241 INFO     abstract_optimizer.py line 201  hp_ready: 0, hp_running: 2, hp_finished: 4, total: 30, pool_size: 2
2023-04-25 15:56:52,244 INFO     module.py    line 125  4/30, finished, ready: 0, running: 2
2023-04-25 15:56:52,401 INFO     abstract_optimizer.py line 201  hp_ready: 0, hp_running: 2, hp_finished: 4, total: 30, pool_size: 2
2023-04-25 15:56:52,404 INFO     module.py    line 125  4/30, finished, ready: 0, running: 2
2023-04-25 15:56:52,567 INFO     abstract_optimizer.py line 201  hp_ready: 0, hp_running: 2, hp_finished: 4, total: 30, pool_size: 2
2023-04-25 15:56:52,569 INFO     module.py    line 125  4/30, finished, ready: 0, running: 2
2023-04-25 15:56:52,727 INFO     abstract_optimizer.py line 201  hp_ready: 0, hp_running: 2, hp_finished: 4, total: 30, pool_size: 2
2023-04-25 15:56:52,729 INFO     module.py    line 125  4/30, finished, ready: 0, running: 2
2023-04-25 15:56:52,940 INFO     abstract_optimizer.py line 201  hp_ready: 0, hp_running: 2, hp_finished: 4, total: 30, pool_size: 2
2023-04-25 15:56:52,961 INFO     module.py    line 125  4/30, finished, ready: 0, running: 2
2023-04-25 15:56:53,157 INFO     abstract_optimizer.py line 201  hp_ready: 0, hp_running: 2, hp_finished: 4, total: 30, pool_size: 2
2023-04-25 15:56:53,163 INFO     module.py    line 125  4/30, finished, ready: 0, running: 2
2023-04-25 15:56:53,315 INFO     abstract_optimizer.py line 201  hp_ready: 0, hp_running: 2, hp_finished: 4, total: 30, pool_size: 2
2023-04-25 15:56:53,318 INFO     module.py    line 125  4/30, finished, ready: 0, running: 2
2023-04-25 15:56:53,489 INFO     abstract_optimizer.py line 201  hp_ready: 0, hp_running: 2, hp_finished: 4, total: 30, pool_size: 2
2023-04-25 15:56:53,495 INFO     module.py    line 125  4/30, finished, ready: 0, running: 2
2023-04-25 15:56:53,656 INFO     abstract_optimizer.py line 201  hp_ready: 0, hp_running: 2, hp_finished: 4, total: 30, pool_size: 2
2023-04-25 15:56:53,659 INFO     module.py    line 125  4/30, finished, ready: 0, running: 2
2023-04-25 15:56:53,862 INFO     abstract_optimizer.py line 201  hp_ready: 0, hp_running: 2, hp_finished: 4, total: 30, pool_size: 2
2023-04-25 15:56:53,864 INFO     module.py    line 125  4/30, finished, ready: 0, running: 2
2023-04-25 15:56:54,031 INFO     abstract_optimizer.py line 201  hp_ready: 0, hp_running: 2, hp_finished: 4, total: 30, pool_size: 2
2023-04-25 15:56:54,033 INFO     module.py    line 125  4/30, finished, ready: 0, running: 2
2023-04-25 15:56:54,205 INFO     abstract_optimizer.py line 201  hp_ready: 0, hp_running: 2, hp_finished: 4, total: 30, pool_size: 2
2023-04-25 15:56:54,205 DEBUG    _nelder_mead.py line 448  history: ['i', 'r', 'ic', 's']
2023-04-25 15:56:54,206 DEBUG    _nelder_mead.py line 449  y: [[-125.45988115  450.71430641]
 [  53.26703033  274.6863953 ]
 [ -62.72994058  225.3571532 ]]
2023-04-25 15:56:54,206 DEBUG    _nelder_mead.py line 450  f: [-14.71294156 582.91443279 337.07593191]
2023-04-25 15:56:54,206 INFO     module.py    line 125  4/30, finished, ready: 0, running: 2
2023-04-25 15:56:54,375 INFO     abstract_optimizer.py line 201  hp_ready: 0, hp_running: 1, hp_finished: 5, total: 30, pool_size: 3
2023-04-25 15:56:54,665 INFO     abstract_optimizer.py line 201  hp_ready: 1, hp_running: 0, hp_finished: 6, total: 30, pool_size: 3
2023-04-25 15:56:54,667 INFO     module.py    line 125  6/30, finished, ready: 1, running: 0
2023-04-25 15:56:54,826 INFO     abstract_optimizer.py line 201  hp_ready: 1, hp_running: 0, hp_finished: 6, total: 30, pool_size: 3
2023-04-25 15:56:54,827 INFO     module.py    line 125  6/30, finished, ready: 1, running: 0
2023-04-25 15:56:54,989 INFO     abstract_optimizer.py line 201  hp_ready: 1, hp_running: 0, hp_finished: 6, total: 30, pool_size: 3
2023-04-25 15:56:54,991 INFO     module.py    line 125  6/30, finished, ready: 1, running: 0
2023-04-25 15:56:55,182 INFO     abstract_optimizer.py line 201  hp_ready: 0, hp_running: 1, hp_finished: 6, total: 30, pool_size: 3
2023-04-25 15:56:55,183 INFO     module.py    line 125  6/30, finished, ready: 0, running: 1
2023-04-25 15:56:55,340 INFO     abstract_optimizer.py line 201  hp_ready: 0, hp_running: 1, hp_finished: 6, total: 30, pool_size: 3
2023-04-25 15:56:55,341 INFO     module.py    line 125  6/30, finished, ready: 0, running: 1
2023-04-25 15:56:55,487 INFO     abstract_optimizer.py line 201  hp_ready: 0, hp_running: 1, hp_finished: 6, total: 30, pool_size: 3
2023-04-25 15:56:55,489 INFO     module.py    line 125  6/30, finished, ready: 0, running: 1
2023-04-25 15:56:55,644 INFO     abstract_optimizer.py line 201  hp_ready: 0, hp_running: 1, hp_finished: 6, total: 30, pool_size: 3
2023-04-25 15:56:55,645 INFO     module.py    line 125  6/30, finished, ready: 0, running: 1
2023-04-25 15:56:55,791 INFO     abstract_optimizer.py line 201  hp_ready: 0, hp_running: 1, hp_finished: 6, total: 30, pool_size: 3
2023-04-25 15:56:55,792 INFO     module.py    line 125  6/30, finished, ready: 0, running: 1
2023-04-25 15:56:55,936 INFO     abstract_optimizer.py line 201  hp_ready: 0, hp_running: 1, hp_finished: 6, total: 30, pool_size: 3
2023-04-25 15:56:55,937 INFO     module.py    line 125  6/30, finished, ready: 0, running: 1
2023-04-25 15:56:56,137 INFO     abstract_optimizer.py line 201  hp_ready: 0, hp_running: 1, hp_finished: 6, total: 30, pool_size: 3
2023-04-25 15:56:56,142 INFO     module.py    line 125  6/30, finished, ready: 0, running: 1
2023-04-25 15:56:56,294 INFO     abstract_optimizer.py line 201  hp_ready: 0, hp_running: 1, hp_finished: 6, total: 30, pool_size: 3
2023-04-25 15:56:56,295 INFO     module.py    line 125  6/30, finished, ready: 0, running: 1
2023-04-25 15:56:56,432 INFO     abstract_optimizer.py line 201  hp_ready: 0, hp_running: 1, hp_finished: 6, total: 30, pool_size: 3
2023-04-25 15:56:56,433 INFO     module.py    line 125  6/30, finished, ready: 0, running: 1
2023-04-25 15:56:56,607 INFO     abstract_optimizer.py line 201  hp_ready: 0, hp_running: 1, hp_finished: 6, total: 30, pool_size: 3
2023-04-25 15:56:56,610 INFO     module.py    line 125  6/30, finished, ready: 0, running: 1
2023-04-25 15:56:56,777 INFO     abstract_optimizer.py line 201  hp_ready: 0, hp_running: 1, hp_finished: 6, total: 30, pool_size: 3
2023-04-25 15:56:56,779 INFO     module.py    line 125  6/30, finished, ready: 0, running: 1
2023-04-25 15:56:56,917 INFO     abstract_optimizer.py line 201  hp_ready: 0, hp_running: 1, hp_finished: 6, total: 30, pool_size: 3
2023-04-25 15:56:56,918 INFO     module.py    line 125  6/30, finished, ready: 0, running: 1
2023-04-25 15:56:57,086 INFO     abstract_optimizer.py line 201  hp_ready: 0, hp_running: 1, hp_finished: 6, total: 30, pool_size: 3
2023-04-25 15:56:57,087 INFO     module.py    line 125  6/30, finished, ready: 0, running: 1
2023-04-25 15:56:57,238 INFO     abstract_optimizer.py line 201  hp_ready: 0, hp_running: 1, hp_finished: 6, total: 30, pool_size: 3
2023-04-25 15:56:57,238 INFO     module.py    line 125  6/30, finished, ready: 0, running: 1
2023-04-25 15:56:57,391 INFO     abstract_optimizer.py line 201  hp_ready: 0, hp_running: 0, hp_finished: 7, total: 30, pool_size: 4
2023-04-25 15:56:57,391 DEBUG    _nelder_mead.py line 174  _add_executing out of boundary y: [-304.18679263  626.74221752]
2023-04-25 15:56:57,392 INFO     module.py    line 125  7/30, finished, ready: 0, running: 0
2023-04-25 15:56:57,536 INFO     abstract_optimizer.py line 201  hp_ready: 0, hp_running: 0, hp_finished: 7, total: 30, pool_size: 4
2023-04-25 15:56:57,782 INFO     abstract_optimizer.py line 201  hp_ready: 1, hp_running: 0, hp_finished: 7, total: 30, pool_size: 3
2023-04-25 15:56:57,783 INFO     module.py    line 125  7/30, finished, ready: 1, running: 0
2023-04-25 15:56:57,942 INFO     abstract_optimizer.py line 201  hp_ready: 1, hp_running: 0, hp_finished: 7, total: 30, pool_size: 3
2023-04-25 15:56:57,943 INFO     module.py    line 125  7/30, finished, ready: 1, running: 0
2023-04-25 15:56:58,096 INFO     abstract_optimizer.py line 201  hp_ready: 1, hp_running: 0, hp_finished: 7, total: 30, pool_size: 3
2023-04-25 15:56:58,098 INFO     module.py    line 125  7/30, finished, ready: 1, running: 0
2023-04-25 15:56:58,290 INFO     abstract_optimizer.py line 201  hp_ready: 0, hp_running: 1, hp_finished: 7, total: 30, pool_size: 3
2023-04-25 15:56:58,292 INFO     module.py    line 125  7/30, finished, ready: 0, running: 1
2023-04-25 15:56:58,438 INFO     abstract_optimizer.py line 201  hp_ready: 0, hp_running: 1, hp_finished: 7, total: 30, pool_size: 3
2023-04-25 15:56:58,439 INFO     module.py    line 125  7/30, finished, ready: 0, running: 1
2023-04-25 15:56:58,592 INFO     abstract_optimizer.py line 201  hp_ready: 0, hp_running: 1, hp_finished: 7, total: 30, pool_size: 3
2023-04-25 15:56:58,594 INFO     module.py    line 125  7/30, finished, ready: 0, running: 1
2023-04-25 15:56:58,748 INFO     abstract_optimizer.py line 201  hp_ready: 0, hp_running: 1, hp_finished: 7, total: 30, pool_size: 3
2023-04-25 15:56:58,749 INFO     module.py    line 125  7/30, finished, ready: 0, running: 1
2023-04-25 15:56:58,905 INFO     abstract_optimizer.py line 201  hp_ready: 0, hp_running: 1, hp_finished: 7, total: 30, pool_size: 3
2023-04-25 15:56:58,906 INFO     module.py    line 125  7/30, finished, ready: 0, running: 1
2023-04-25 15:56:59,063 INFO     abstract_optimizer.py line 201  hp_ready: 0, hp_running: 1, hp_finished: 7, total: 30, pool_size: 3
2023-04-25 15:56:59,064 INFO     module.py    line 125  7/30, finished, ready: 0, running: 1
2023-04-25 15:56:59,257 INFO     abstract_optimizer.py line 201  hp_ready: 0, hp_running: 1, hp_finished: 7, total: 30, pool_size: 3
2023-04-25 15:56:59,260 INFO     module.py    line 125  7/30, finished, ready: 0, running: 1
2023-04-25 15:56:59,415 INFO     abstract_optimizer.py line 201  hp_ready: 0, hp_running: 1, hp_finished: 7, total: 30, pool_size: 3
2023-04-25 15:56:59,417 INFO     module.py    line 125  7/30, finished, ready: 0, running: 1
2023-04-25 15:56:59,555 INFO     abstract_optimizer.py line 201  hp_ready: 0, hp_running: 1, hp_finished: 7, total: 30, pool_size: 3
2023-04-25 15:56:59,556 INFO     module.py    line 125  7/30, finished, ready: 0, running: 1
2023-04-25 15:56:59,716 INFO     abstract_optimizer.py line 201  hp_ready: 0, hp_running: 1, hp_finished: 7, total: 30, pool_size: 3
2023-04-25 15:56:59,722 INFO     module.py    line 125  7/30, finished, ready: 0, running: 1
2023-04-25 15:56:59,900 INFO     abstract_optimizer.py line 201  hp_ready: 0, hp_running: 1, hp_finished: 7, total: 30, pool_size: 3
2023-04-25 15:56:59,901 INFO     module.py    line 125  7/30, finished, ready: 0, running: 1
2023-04-25 15:57:00,037 INFO     abstract_optimizer.py line 201  hp_ready: 0, hp_running: 1, hp_finished: 7, total: 30, pool_size: 3
2023-04-25 15:57:00,039 INFO     module.py    line 125  7/30, finished, ready: 0, running: 1
2023-04-25 15:57:00,204 INFO     abstract_optimizer.py line 201  hp_ready: 0, hp_running: 1, hp_finished: 7, total: 30, pool_size: 3
2023-04-25 15:57:00,205 INFO     module.py    line 125  7/30, finished, ready: 0, running: 1
2023-04-25 15:57:00,360 INFO     abstract_optimizer.py line 201  hp_ready: 0, hp_running: 1, hp_finished: 7, total: 30, pool_size: 3
2023-04-25 15:57:00,601 INFO     abstract_optimizer.py line 201  hp_ready: 1, hp_running: 0, hp_finished: 8, total: 30, pool_size: 3
2023-04-25 15:57:00,836 INFO     abstract_optimizer.py line 201  hp_ready: 2, hp_running: 0, hp_finished: 8, total: 30, pool_size: 2
2023-04-25 15:57:00,839 INFO     module.py    line 125  8/30, finished, ready: 2, running: 0
2023-04-25 15:57:01,008 INFO     abstract_optimizer.py line 201  hp_ready: 2, hp_running: 0, hp_finished: 8, total: 30, pool_size: 2
2023-04-25 15:57:01,011 INFO     module.py    line 125  8/30, finished, ready: 2, running: 0
2023-04-25 15:57:01,199 INFO     abstract_optimizer.py line 201  hp_ready: 1, hp_running: 1, hp_finished: 8, total: 30, pool_size: 2
2023-04-25 15:57:01,201 INFO     module.py    line 125  8/30, finished, ready: 1, running: 1
2023-04-25 15:57:01,376 INFO     abstract_optimizer.py line 201  hp_ready: 0, hp_running: 2, hp_finished: 8, total: 30, pool_size: 2
2023-04-25 15:57:01,378 INFO     module.py    line 125  8/30, finished, ready: 0, running: 2
2023-04-25 15:57:01,546 INFO     abstract_optimizer.py line 201  hp_ready: 0, hp_running: 2, hp_finished: 8, total: 30, pool_size: 2
2023-04-25 15:57:01,549 INFO     module.py    line 125  8/30, finished, ready: 0, running: 2
2023-04-25 15:57:01,707 INFO     abstract_optimizer.py line 201  hp_ready: 0, hp_running: 2, hp_finished: 8, total: 30, pool_size: 2
2023-04-25 15:57:01,710 INFO     module.py    line 125  8/30, finished, ready: 0, running: 2
2023-04-25 15:57:01,881 INFO     abstract_optimizer.py line 201  hp_ready: 0, hp_running: 2, hp_finished: 8, total: 30, pool_size: 2
2023-04-25 15:57:01,885 INFO     module.py    line 125  8/30, finished, ready: 0, running: 2
2023-04-25 15:57:02,050 INFO     abstract_optimizer.py line 201  hp_ready: 0, hp_running: 2, hp_finished: 8, total: 30, pool_size: 2
2023-04-25 15:57:02,053 INFO     module.py    line 125  8/30, finished, ready: 0, running: 2
2023-04-25 15:57:02,264 INFO     abstract_optimizer.py line 201  hp_ready: 0, hp_running: 2, hp_finished: 8, total: 30, pool_size: 2
2023-04-25 15:57:02,270 INFO     module.py    line 125  8/30, finished, ready: 0, running: 2
2023-04-25 15:57:02,487 INFO     abstract_optimizer.py line 201  hp_ready: 0, hp_running: 2, hp_finished: 8, total: 30, pool_size: 2
2023-04-25 15:57:02,494 INFO     module.py    line 125  8/30, finished, ready: 0, running: 2
2023-04-25 15:57:02,649 INFO     abstract_optimizer.py line 201  hp_ready: 0, hp_running: 2, hp_finished: 8, total: 30, pool_size: 2
2023-04-25 15:57:02,652 INFO     module.py    line 125  8/30, finished, ready: 0, running: 2
2023-04-25 15:57:02,836 INFO     abstract_optimizer.py line 201  hp_ready: 0, hp_running: 2, hp_finished: 8, total: 30, pool_size: 2
2023-04-25 15:57:02,842 INFO     module.py    line 125  8/30, finished, ready: 0, running: 2
2023-04-25 15:57:03,002 INFO     abstract_optimizer.py line 201  hp_ready: 0, hp_running: 2, hp_finished: 8, total: 30, pool_size: 2
2023-04-25 15:57:03,015 INFO     module.py    line 125  8/30, finished, ready: 0, running: 2
2023-04-25 15:57:03,216 INFO     abstract_optimizer.py line 201  hp_ready: 0, hp_running: 2, hp_finished: 8, total: 30, pool_size: 2
2023-04-25 15:57:03,219 INFO     module.py    line 125  8/30, finished, ready: 0, running: 2
2023-04-25 15:57:03,381 INFO     abstract_optimizer.py line 201  hp_ready: 0, hp_running: 2, hp_finished: 8, total: 30, pool_size: 2
2023-04-25 15:57:03,383 INFO     module.py    line 125  8/30, finished, ready: 0, running: 2
2023-04-25 15:57:03,553 INFO     abstract_optimizer.py line 201  hp_ready: 0, hp_running: 2, hp_finished: 8, total: 30, pool_size: 2
2023-04-25 15:57:03,554 DEBUG    _nelder_mead.py line 448  history: ['i', 'r', 'ic', 's', 'i', 'r', 'i', 'r', 'ic', 's']
2023-04-25 15:57:03,554 DEBUG    _nelder_mead.py line 449  y: [[-125.45988115  450.71430641]
 [-183.45836661  426.04968536]
 [ -94.09491086  338.03572981]]
2023-04-25 15:57:03,555 DEBUG    _nelder_mead.py line 450  f: [-14.71294156 155.4484281  544.6113373 ]
2023-04-25 15:57:03,555 INFO     module.py    line 125  8/30, finished, ready: 0, running: 2
2023-04-25 15:57:03,721 INFO     abstract_optimizer.py line 201  hp_ready: 0, hp_running: 1, hp_finished: 9, total: 30, pool_size: 3
2023-04-25 15:57:03,721 DEBUG    _nelder_mead.py line 174  _add_executing out of boundary y: [-214.82333689  538.72826196]
2023-04-25 15:57:03,722 INFO     module.py    line 125  9/30, finished, ready: 0, running: 1
2023-04-25 15:57:03,892 INFO     abstract_optimizer.py line 201  hp_ready: 0, hp_running: 0, hp_finished: 10, total: 30, pool_size: 4
2023-04-25 15:57:04,131 INFO     abstract_optimizer.py line 201  hp_ready: 1, hp_running: 0, hp_finished: 10, total: 30, pool_size: 3
2023-04-25 15:57:04,133 INFO     module.py    line 125  10/30, finished, ready: 1, running: 0
2023-04-25 15:57:04,301 INFO     abstract_optimizer.py line 201  hp_ready: 1, hp_running: 0, hp_finished: 10, total: 30, pool_size: 3
2023-04-25 15:57:04,302 INFO     module.py    line 125  10/30, finished, ready: 1, running: 0
2023-04-25 15:57:04,453 INFO     abstract_optimizer.py line 201  hp_ready: 1, hp_running: 0, hp_finished: 10, total: 30, pool_size: 3
2023-04-25 15:57:04,455 INFO     module.py    line 125  10/30, finished, ready: 1, running: 0
2023-04-25 15:57:04,631 INFO     abstract_optimizer.py line 201  hp_ready: 0, hp_running: 1, hp_finished: 10, total: 30, pool_size: 3
2023-04-25 15:57:04,632 INFO     module.py    line 125  10/30, finished, ready: 0, running: 1
2023-04-25 15:57:04,782 INFO     abstract_optimizer.py line 201  hp_ready: 0, hp_running: 1, hp_finished: 10, total: 30, pool_size: 3
2023-04-25 15:57:04,783 INFO     module.py    line 125  10/30, finished, ready: 0, running: 1
2023-04-25 15:57:04,939 INFO     abstract_optimizer.py line 201  hp_ready: 0, hp_running: 1, hp_finished: 10, total: 30, pool_size: 3
2023-04-25 15:57:04,941 INFO     module.py    line 125  10/30, finished, ready: 0, running: 1
2023-04-25 15:57:05,102 INFO     abstract_optimizer.py line 201  hp_ready: 0, hp_running: 1, hp_finished: 10, total: 30, pool_size: 3
2023-04-25 15:57:05,104 INFO     module.py    line 125  10/30, finished, ready: 0, running: 1
2023-04-25 15:57:05,264 INFO     abstract_optimizer.py line 201  hp_ready: 0, hp_running: 1, hp_finished: 10, total: 30, pool_size: 3
2023-04-25 15:57:05,265 INFO     module.py    line 125  10/30, finished, ready: 0, running: 1
2023-04-25 15:57:05,408 INFO     abstract_optimizer.py line 201  hp_ready: 0, hp_running: 1, hp_finished: 10, total: 30, pool_size: 3
2023-04-25 15:57:05,410 INFO     module.py    line 125  10/30, finished, ready: 0, running: 1
2023-04-25 15:57:05,610 INFO     abstract_optimizer.py line 201  hp_ready: 0, hp_running: 1, hp_finished: 10, total: 30, pool_size: 3
2023-04-25 15:57:05,613 INFO     module.py    line 125  10/30, finished, ready: 0, running: 1
2023-04-25 15:57:05,770 INFO     abstract_optimizer.py line 201  hp_ready: 0, hp_running: 1, hp_finished: 10, total: 30, pool_size: 3
2023-04-25 15:57:05,772 INFO     module.py    line 125  10/30, finished, ready: 0, running: 1
2023-04-25 15:57:05,908 INFO     abstract_optimizer.py line 201  hp_ready: 0, hp_running: 1, hp_finished: 10, total: 30, pool_size: 3
2023-04-25 15:57:05,910 INFO     module.py    line 125  10/30, finished, ready: 0, running: 1
2023-04-25 15:57:06,056 INFO     abstract_optimizer.py line 201  hp_ready: 0, hp_running: 1, hp_finished: 10, total: 30, pool_size: 3
2023-04-25 15:57:06,060 INFO     module.py    line 125  10/30, finished, ready: 0, running: 1
2023-04-25 15:57:06,264 INFO     abstract_optimizer.py line 201  hp_ready: 0, hp_running: 1, hp_finished: 10, total: 30, pool_size: 3
2023-04-25 15:57:06,266 INFO     module.py    line 125  10/30, finished, ready: 0, running: 1
2023-04-25 15:57:06,402 INFO     abstract_optimizer.py line 201  hp_ready: 0, hp_running: 1, hp_finished: 10, total: 30, pool_size: 3
2023-04-25 15:57:06,404 INFO     module.py    line 125  10/30, finished, ready: 0, running: 1
2023-04-25 15:57:06,569 INFO     abstract_optimizer.py line 201  hp_ready: 0, hp_running: 1, hp_finished: 10, total: 30, pool_size: 3
2023-04-25 15:57:06,570 INFO     module.py    line 125  10/30, finished, ready: 0, running: 1
2023-04-25 15:57:06,724 INFO     abstract_optimizer.py line 201  hp_ready: 0, hp_running: 1, hp_finished: 10, total: 30, pool_size: 3
2023-04-25 15:57:06,724 DEBUG    _nelder_mead.py line 448  history: ['i', 'r', 'ic', 's', 'i', 'r', 'i', 'r', 'ic', 's', 'i', 'r', 'ic']
2023-04-25 15:57:06,724 DEBUG    _nelder_mead.py line 449  y: [[-125.45988115  450.71430641]
 [-183.45836661  426.04968536]
 [-124.27701737  388.20886285]]
2023-04-25 15:57:06,725 DEBUG    _nelder_mead.py line 450  f: [-14.71294156 155.4484281    3.60742102]
2023-04-25 15:57:06,725 INFO     module.py    line 125  10/30, finished, ready: 0, running: 1
2023-04-25 15:57:06,891 INFO     abstract_optimizer.py line 201  hp_ready: 0, hp_running: 0, hp_finished: 11, total: 30, pool_size: 4
2023-04-25 15:57:07,123 INFO     abstract_optimizer.py line 201  hp_ready: 1, hp_running: 0, hp_finished: 11, total: 30, pool_size: 3
2023-04-25 15:57:07,125 INFO     module.py    line 125  11/30, finished, ready: 1, running: 0
2023-04-25 15:57:07,277 INFO     abstract_optimizer.py line 201  hp_ready: 1, hp_running: 0, hp_finished: 11, total: 30, pool_size: 3
2023-04-25 15:57:07,278 INFO     module.py    line 125  11/30, finished, ready: 1, running: 0
2023-04-25 15:57:07,435 INFO     abstract_optimizer.py line 201  hp_ready: 1, hp_running: 0, hp_finished: 11, total: 30, pool_size: 3
2023-04-25 15:57:07,437 INFO     module.py    line 125  11/30, finished, ready: 1, running: 0
2023-04-25 15:57:07,604 INFO     abstract_optimizer.py line 201  hp_ready: 0, hp_running: 1, hp_finished: 11, total: 30, pool_size: 3
2023-04-25 15:57:07,605 INFO     module.py    line 125  11/30, finished, ready: 0, running: 1
2023-04-25 15:57:07,759 INFO     abstract_optimizer.py line 201  hp_ready: 0, hp_running: 1, hp_finished: 11, total: 30, pool_size: 3
2023-04-25 15:57:07,761 INFO     module.py    line 125  11/30, finished, ready: 0, running: 1
2023-04-25 15:57:07,910 INFO     abstract_optimizer.py line 201  hp_ready: 0, hp_running: 1, hp_finished: 11, total: 30, pool_size: 3
2023-04-25 15:57:07,911 INFO     module.py    line 125  11/30, finished, ready: 0, running: 1
2023-04-25 15:57:08,064 INFO     abstract_optimizer.py line 201  hp_ready: 0, hp_running: 1, hp_finished: 11, total: 30, pool_size: 3
2023-04-25 15:57:08,065 INFO     module.py    line 125  11/30, finished, ready: 0, running: 1
2023-04-25 15:57:08,211 INFO     abstract_optimizer.py line 201  hp_ready: 0, hp_running: 1, hp_finished: 11, total: 30, pool_size: 3
2023-04-25 15:57:08,212 INFO     module.py    line 125  11/30, finished, ready: 0, running: 1
2023-04-25 15:57:08,356 INFO     abstract_optimizer.py line 201  hp_ready: 0, hp_running: 1, hp_finished: 11, total: 30, pool_size: 3
2023-04-25 15:57:08,357 INFO     module.py    line 125  11/30, finished, ready: 0, running: 1
2023-04-25 15:57:08,576 INFO     abstract_optimizer.py line 201  hp_ready: 0, hp_running: 1, hp_finished: 11, total: 30, pool_size: 3
2023-04-25 15:57:08,579 INFO     module.py    line 125  11/30, finished, ready: 0, running: 1
2023-04-25 15:57:08,722 INFO     abstract_optimizer.py line 201  hp_ready: 0, hp_running: 1, hp_finished: 11, total: 30, pool_size: 3
2023-04-25 15:57:08,724 INFO     module.py    line 125  11/30, finished, ready: 0, running: 1
2023-04-25 15:57:08,860 INFO     abstract_optimizer.py line 201  hp_ready: 0, hp_running: 1, hp_finished: 11, total: 30, pool_size: 3
2023-04-25 15:57:08,862 INFO     module.py    line 125  11/30, finished, ready: 0, running: 1
2023-04-25 15:57:09,019 INFO     abstract_optimizer.py line 201  hp_ready: 0, hp_running: 1, hp_finished: 11, total: 30, pool_size: 3
2023-04-25 15:57:09,022 INFO     module.py    line 125  11/30, finished, ready: 0, running: 1
2023-04-25 15:57:09,197 INFO     abstract_optimizer.py line 201  hp_ready: 0, hp_running: 1, hp_finished: 11, total: 30, pool_size: 3
2023-04-25 15:57:09,198 INFO     module.py    line 125  11/30, finished, ready: 0, running: 1
2023-04-25 15:57:09,334 INFO     abstract_optimizer.py line 201  hp_ready: 0, hp_running: 1, hp_finished: 11, total: 30, pool_size: 3
2023-04-25 15:57:09,336 INFO     module.py    line 125  11/30, finished, ready: 0, running: 1
2023-04-25 15:57:09,501 INFO     abstract_optimizer.py line 201  hp_ready: 0, hp_running: 1, hp_finished: 11, total: 30, pool_size: 3
2023-04-25 15:57:09,502 INFO     module.py    line 125  11/30, finished, ready: 0, running: 1
2023-04-25 15:57:09,657 INFO     abstract_optimizer.py line 201  hp_ready: 0, hp_running: 1, hp_finished: 11, total: 30, pool_size: 3
2023-04-25 15:57:09,893 INFO     abstract_optimizer.py line 201  hp_ready: 1, hp_running: 0, hp_finished: 12, total: 30, pool_size: 3
2023-04-25 15:57:09,895 INFO     module.py    line 125  12/30, finished, ready: 1, running: 0
2023-04-25 15:57:10,049 INFO     abstract_optimizer.py line 201  hp_ready: 1, hp_running: 0, hp_finished: 12, total: 30, pool_size: 3
2023-04-25 15:57:10,051 INFO     module.py    line 125  12/30, finished, ready: 1, running: 0
2023-04-25 15:57:10,205 INFO     abstract_optimizer.py line 201  hp_ready: 1, hp_running: 0, hp_finished: 12, total: 30, pool_size: 3
2023-04-25 15:57:10,206 INFO     module.py    line 125  12/30, finished, ready: 1, running: 0
2023-04-25 15:57:10,392 INFO     abstract_optimizer.py line 201  hp_ready: 0, hp_running: 1, hp_finished: 12, total: 30, pool_size: 3
2023-04-25 15:57:10,393 INFO     module.py    line 125  12/30, finished, ready: 0, running: 1
2023-04-25 15:57:10,549 INFO     abstract_optimizer.py line 201  hp_ready: 0, hp_running: 1, hp_finished: 12, total: 30, pool_size: 3
2023-04-25 15:57:10,550 INFO     module.py    line 125  12/30, finished, ready: 0, running: 1
2023-04-25 15:57:10,694 INFO     abstract_optimizer.py line 201  hp_ready: 0, hp_running: 1, hp_finished: 12, total: 30, pool_size: 3
2023-04-25 15:57:10,696 INFO     module.py    line 125  12/30, finished, ready: 0, running: 1
2023-04-25 15:57:10,858 INFO     abstract_optimizer.py line 201  hp_ready: 0, hp_running: 1, hp_finished: 12, total: 30, pool_size: 3
2023-04-25 15:57:10,859 INFO     module.py    line 125  12/30, finished, ready: 0, running: 1
2023-04-25 15:57:11,008 INFO     abstract_optimizer.py line 201  hp_ready: 0, hp_running: 1, hp_finished: 12, total: 30, pool_size: 3
2023-04-25 15:57:11,010 INFO     module.py    line 125  12/30, finished, ready: 0, running: 1
2023-04-25 15:57:11,163 INFO     abstract_optimizer.py line 201  hp_ready: 0, hp_running: 1, hp_finished: 12, total: 30, pool_size: 3
2023-04-25 15:57:11,165 INFO     module.py    line 125  12/30, finished, ready: 0, running: 1
2023-04-25 15:57:11,362 INFO     abstract_optimizer.py line 201  hp_ready: 0, hp_running: 1, hp_finished: 12, total: 30, pool_size: 3
2023-04-25 15:57:11,365 INFO     module.py    line 125  12/30, finished, ready: 0, running: 1
2023-04-25 15:57:11,523 INFO     abstract_optimizer.py line 201  hp_ready: 0, hp_running: 1, hp_finished: 12, total: 30, pool_size: 3
2023-04-25 15:57:11,524 INFO     module.py    line 125  12/30, finished, ready: 0, running: 1
2023-04-25 15:57:11,664 INFO     abstract_optimizer.py line 201  hp_ready: 0, hp_running: 1, hp_finished: 12, total: 30, pool_size: 3
2023-04-25 15:57:11,666 INFO     module.py    line 125  12/30, finished, ready: 0, running: 1
2023-04-25 15:57:11,837 INFO     abstract_optimizer.py line 201  hp_ready: 0, hp_running: 1, hp_finished: 12, total: 30, pool_size: 3
2023-04-25 15:57:11,840 INFO     module.py    line 125  12/30, finished, ready: 0, running: 1
2023-04-25 15:57:12,000 INFO     abstract_optimizer.py line 201  hp_ready: 0, hp_running: 1, hp_finished: 12, total: 30, pool_size: 3
2023-04-25 15:57:12,002 INFO     module.py    line 125  12/30, finished, ready: 0, running: 1
2023-04-25 15:57:12,140 INFO     abstract_optimizer.py line 201  hp_ready: 0, hp_running: 1, hp_finished: 12, total: 30, pool_size: 3
2023-04-25 15:57:12,142 INFO     module.py    line 125  12/30, finished, ready: 0, running: 1
2023-04-25 15:57:12,307 INFO     abstract_optimizer.py line 201  hp_ready: 0, hp_running: 1, hp_finished: 12, total: 30, pool_size: 3
2023-04-25 15:57:12,307 INFO     module.py    line 125  12/30, finished, ready: 0, running: 1
2023-04-25 15:57:12,461 INFO     abstract_optimizer.py line 201  hp_ready: 0, hp_running: 1, hp_finished: 12, total: 30, pool_size: 3
2023-04-25 15:57:12,461 INFO     module.py    line 125  12/30, finished, ready: 0, running: 1
2023-04-25 15:57:12,623 INFO     abstract_optimizer.py line 201  hp_ready: 0, hp_running: 0, hp_finished: 13, total: 30, pool_size: 4
2023-04-25 15:57:12,893 INFO     abstract_optimizer.py line 201  hp_ready: 1, hp_running: 0, hp_finished: 13, total: 30, pool_size: 3
2023-04-25 15:57:12,895 INFO     module.py    line 125  13/30, finished, ready: 1, running: 0
2023-04-25 15:57:13,043 INFO     abstract_optimizer.py line 201  hp_ready: 1, hp_running: 0, hp_finished: 13, total: 30, pool_size: 3
2023-04-25 15:57:13,044 INFO     module.py    line 125  13/30, finished, ready: 1, running: 0
2023-04-25 15:57:13,205 INFO     abstract_optimizer.py line 201  hp_ready: 1, hp_running: 0, hp_finished: 13, total: 30, pool_size: 3
2023-04-25 15:57:13,206 INFO     module.py    line 125  13/30, finished, ready: 1, running: 0
2023-04-25 15:57:13,379 INFO     abstract_optimizer.py line 201  hp_ready: 0, hp_running: 1, hp_finished: 13, total: 30, pool_size: 3
2023-04-25 15:57:13,381 INFO     module.py    line 125  13/30, finished, ready: 0, running: 1
2023-04-25 15:57:13,526 INFO     abstract_optimizer.py line 201  hp_ready: 0, hp_running: 1, hp_finished: 13, total: 30, pool_size: 3
2023-04-25 15:57:13,527 INFO     module.py    line 125  13/30, finished, ready: 0, running: 1
2023-04-25 15:57:13,680 INFO     abstract_optimizer.py line 201  hp_ready: 0, hp_running: 1, hp_finished: 13, total: 30, pool_size: 3
2023-04-25 15:57:13,682 INFO     module.py    line 125  13/30, finished, ready: 0, running: 1
2023-04-25 15:57:13,839 INFO     abstract_optimizer.py line 201  hp_ready: 0, hp_running: 1, hp_finished: 13, total: 30, pool_size: 3
2023-04-25 15:57:13,841 INFO     module.py    line 125  13/30, finished, ready: 0, running: 1
2023-04-25 15:57:13,994 INFO     abstract_optimizer.py line 201  hp_ready: 0, hp_running: 1, hp_finished: 13, total: 30, pool_size: 3
2023-04-25 15:57:13,996 INFO     module.py    line 125  13/30, finished, ready: 0, running: 1
2023-04-25 15:57:14,149 INFO     abstract_optimizer.py line 201  hp_ready: 0, hp_running: 1, hp_finished: 13, total: 30, pool_size: 3
2023-04-25 15:57:14,151 INFO     module.py    line 125  13/30, finished, ready: 0, running: 1
2023-04-25 15:57:14,350 INFO     abstract_optimizer.py line 201  hp_ready: 0, hp_running: 1, hp_finished: 13, total: 30, pool_size: 3
2023-04-25 15:57:14,370 INFO     module.py    line 125  13/30, finished, ready: 0, running: 1
2023-04-25 15:57:14,514 INFO     abstract_optimizer.py line 201  hp_ready: 0, hp_running: 1, hp_finished: 13, total: 30, pool_size: 3
2023-04-25 15:57:14,516 INFO     module.py    line 125  13/30, finished, ready: 0, running: 1
2023-04-25 15:57:14,654 INFO     abstract_optimizer.py line 201  hp_ready: 0, hp_running: 1, hp_finished: 13, total: 30, pool_size: 3
2023-04-25 15:57:14,656 INFO     module.py    line 125  13/30, finished, ready: 0, running: 1
2023-04-25 15:57:14,802 INFO     abstract_optimizer.py line 201  hp_ready: 0, hp_running: 1, hp_finished: 13, total: 30, pool_size: 3
2023-04-25 15:57:14,805 INFO     module.py    line 125  13/30, finished, ready: 0, running: 1
2023-04-25 15:57:15,016 INFO     abstract_optimizer.py line 201  hp_ready: 0, hp_running: 1, hp_finished: 13, total: 30, pool_size: 3
2023-04-25 15:57:15,017 INFO     module.py    line 125  13/30, finished, ready: 0, running: 1
2023-04-25 15:57:15,155 INFO     abstract_optimizer.py line 201  hp_ready: 0, hp_running: 1, hp_finished: 13, total: 30, pool_size: 3
2023-04-25 15:57:15,157 INFO     module.py    line 125  13/30, finished, ready: 0, running: 1
2023-04-25 15:57:15,324 INFO     abstract_optimizer.py line 201  hp_ready: 0, hp_running: 1, hp_finished: 13, total: 30, pool_size: 3
2023-04-25 15:57:15,325 INFO     module.py    line 125  13/30, finished, ready: 0, running: 1
2023-04-25 15:57:15,476 INFO     abstract_optimizer.py line 201  hp_ready: 0, hp_running: 1, hp_finished: 13, total: 30, pool_size: 3
2023-04-25 15:57:15,769 INFO     abstract_optimizer.py line 201  hp_ready: 1, hp_running: 0, hp_finished: 14, total: 30, pool_size: 3
2023-04-25 15:57:15,771 INFO     module.py    line 125  14/30, finished, ready: 1, running: 0
2023-04-25 15:57:15,932 INFO     abstract_optimizer.py line 201  hp_ready: 1, hp_running: 0, hp_finished: 14, total: 30, pool_size: 3
2023-04-25 15:57:15,933 INFO     module.py    line 125  14/30, finished, ready: 1, running: 0
2023-04-25 15:57:16,088 INFO     abstract_optimizer.py line 201  hp_ready: 1, hp_running: 0, hp_finished: 14, total: 30, pool_size: 3
2023-04-25 15:57:16,090 INFO     module.py    line 125  14/30, finished, ready: 1, running: 0
2023-04-25 15:57:16,285 INFO     abstract_optimizer.py line 201  hp_ready: 0, hp_running: 1, hp_finished: 14, total: 30, pool_size: 3
2023-04-25 15:57:16,286 INFO     module.py    line 125  14/30, finished, ready: 0, running: 1
2023-04-25 15:57:16,434 INFO     abstract_optimizer.py line 201  hp_ready: 0, hp_running: 1, hp_finished: 14, total: 30, pool_size: 3
2023-04-25 15:57:16,435 INFO     module.py    line 125  14/30, finished, ready: 0, running: 1
2023-04-25 15:57:16,592 INFO     abstract_optimizer.py line 201  hp_ready: 0, hp_running: 1, hp_finished: 14, total: 30, pool_size: 3
2023-04-25 15:57:16,593 INFO     module.py    line 125  14/30, finished, ready: 0, running: 1
2023-04-25 15:57:16,747 INFO     abstract_optimizer.py line 201  hp_ready: 0, hp_running: 1, hp_finished: 14, total: 30, pool_size: 3
2023-04-25 15:57:16,748 INFO     module.py    line 125  14/30, finished, ready: 0, running: 1
2023-04-25 15:57:16,894 INFO     abstract_optimizer.py line 201  hp_ready: 0, hp_running: 1, hp_finished: 14, total: 30, pool_size: 3
2023-04-25 15:57:16,895 INFO     module.py    line 125  14/30, finished, ready: 0, running: 1
2023-04-25 15:57:17,046 INFO     abstract_optimizer.py line 201  hp_ready: 0, hp_running: 1, hp_finished: 14, total: 30, pool_size: 3
2023-04-25 15:57:17,047 INFO     module.py    line 125  14/30, finished, ready: 0, running: 1
2023-04-25 15:57:17,250 INFO     abstract_optimizer.py line 201  hp_ready: 0, hp_running: 1, hp_finished: 14, total: 30, pool_size: 3
2023-04-25 15:57:17,253 INFO     module.py    line 125  14/30, finished, ready: 0, running: 1
2023-04-25 15:57:17,408 INFO     abstract_optimizer.py line 201  hp_ready: 0, hp_running: 1, hp_finished: 14, total: 30, pool_size: 3
2023-04-25 15:57:17,410 INFO     module.py    line 125  14/30, finished, ready: 0, running: 1
2023-04-25 15:57:17,547 INFO     abstract_optimizer.py line 201  hp_ready: 0, hp_running: 1, hp_finished: 14, total: 30, pool_size: 3
2023-04-25 15:57:17,549 INFO     module.py    line 125  14/30, finished, ready: 0, running: 1
2023-04-25 15:57:17,726 INFO     abstract_optimizer.py line 201  hp_ready: 0, hp_running: 1, hp_finished: 14, total: 30, pool_size: 3
2023-04-25 15:57:17,730 INFO     module.py    line 125  14/30, finished, ready: 0, running: 1
2023-04-25 15:57:17,883 INFO     abstract_optimizer.py line 201  hp_ready: 0, hp_running: 1, hp_finished: 14, total: 30, pool_size: 3
2023-04-25 15:57:17,885 INFO     module.py    line 125  14/30, finished, ready: 0, running: 1
2023-04-25 15:57:18,025 INFO     abstract_optimizer.py line 201  hp_ready: 0, hp_running: 1, hp_finished: 14, total: 30, pool_size: 3
2023-04-25 15:57:18,027 INFO     module.py    line 125  14/30, finished, ready: 0, running: 1
2023-04-25 15:57:18,192 INFO     abstract_optimizer.py line 201  hp_ready: 0, hp_running: 1, hp_finished: 14, total: 30, pool_size: 3
2023-04-25 15:57:18,193 INFO     module.py    line 125  14/30, finished, ready: 0, running: 1
2023-04-25 15:57:18,348 INFO     abstract_optimizer.py line 201  hp_ready: 0, hp_running: 1, hp_finished: 14, total: 30, pool_size: 3
2023-04-25 15:57:18,348 INFO     module.py    line 125  14/30, finished, ready: 0, running: 1
2023-04-25 15:57:18,519 INFO     abstract_optimizer.py line 201  hp_ready: 0, hp_running: 0, hp_finished: 15, total: 30, pool_size: 4
2023-04-25 15:57:18,755 INFO     abstract_optimizer.py line 201  hp_ready: 1, hp_running: 0, hp_finished: 15, total: 30, pool_size: 3
2023-04-25 15:57:18,756 INFO     module.py    line 125  15/30, finished, ready: 1, running: 0
2023-04-25 15:57:18,916 INFO     abstract_optimizer.py line 201  hp_ready: 1, hp_running: 0, hp_finished: 15, total: 30, pool_size: 3
2023-04-25 15:57:18,917 INFO     module.py    line 125  15/30, finished, ready: 1, running: 0
2023-04-25 15:57:19,077 INFO     abstract_optimizer.py line 201  hp_ready: 1, hp_running: 0, hp_finished: 15, total: 30, pool_size: 3
2023-04-25 15:57:19,079 INFO     module.py    line 125  15/30, finished, ready: 1, running: 0
2023-04-25 15:57:19,245 INFO     abstract_optimizer.py line 201  hp_ready: 0, hp_running: 1, hp_finished: 15, total: 30, pool_size: 3
2023-04-25 15:57:19,246 INFO     module.py    line 125  15/30, finished, ready: 0, running: 1
2023-04-25 15:57:19,402 INFO     abstract_optimizer.py line 201  hp_ready: 0, hp_running: 1, hp_finished: 15, total: 30, pool_size: 3
2023-04-25 15:57:19,403 INFO     module.py    line 125  15/30, finished, ready: 0, running: 1
2023-04-25 15:57:19,550 INFO     abstract_optimizer.py line 201  hp_ready: 0, hp_running: 1, hp_finished: 15, total: 30, pool_size: 3
2023-04-25 15:57:19,551 INFO     module.py    line 125  15/30, finished, ready: 0, running: 1
2023-04-25 15:57:19,709 INFO     abstract_optimizer.py line 201  hp_ready: 0, hp_running: 1, hp_finished: 15, total: 30, pool_size: 3
2023-04-25 15:57:19,711 INFO     module.py    line 125  15/30, finished, ready: 0, running: 1
2023-04-25 15:57:19,867 INFO     abstract_optimizer.py line 201  hp_ready: 0, hp_running: 1, hp_finished: 15, total: 30, pool_size: 3
2023-04-25 15:57:19,869 INFO     module.py    line 125  15/30, finished, ready: 0, running: 1
2023-04-25 15:57:20,027 INFO     abstract_optimizer.py line 201  hp_ready: 0, hp_running: 1, hp_finished: 15, total: 30, pool_size: 3
2023-04-25 15:57:20,028 INFO     module.py    line 125  15/30, finished, ready: 0, running: 1
2023-04-25 15:57:20,234 INFO     abstract_optimizer.py line 201  hp_ready: 0, hp_running: 1, hp_finished: 15, total: 30, pool_size: 3
2023-04-25 15:57:20,238 INFO     module.py    line 125  15/30, finished, ready: 0, running: 1
2023-04-25 15:57:20,393 INFO     abstract_optimizer.py line 201  hp_ready: 0, hp_running: 1, hp_finished: 15, total: 30, pool_size: 3
2023-04-25 15:57:20,394 INFO     module.py    line 125  15/30, finished, ready: 0, running: 1
2023-04-25 15:57:20,531 INFO     abstract_optimizer.py line 201  hp_ready: 0, hp_running: 1, hp_finished: 15, total: 30, pool_size: 3
2023-04-25 15:57:20,533 INFO     module.py    line 125  15/30, finished, ready: 0, running: 1
2023-04-25 15:57:20,698 INFO     abstract_optimizer.py line 201  hp_ready: 0, hp_running: 1, hp_finished: 15, total: 30, pool_size: 3
2023-04-25 15:57:20,705 INFO     module.py    line 125  15/30, finished, ready: 0, running: 1
2023-04-25 15:57:20,869 INFO     abstract_optimizer.py line 201  hp_ready: 0, hp_running: 1, hp_finished: 15, total: 30, pool_size: 3
2023-04-25 15:57:20,871 INFO     module.py    line 125  15/30, finished, ready: 0, running: 1
2023-04-25 15:57:21,008 INFO     abstract_optimizer.py line 201  hp_ready: 0, hp_running: 1, hp_finished: 15, total: 30, pool_size: 3
2023-04-25 15:57:21,010 INFO     module.py    line 125  15/30, finished, ready: 0, running: 1
2023-04-25 15:57:21,174 INFO     abstract_optimizer.py line 201  hp_ready: 0, hp_running: 1, hp_finished: 15, total: 30, pool_size: 3
2023-04-25 15:57:21,175 INFO     module.py    line 125  15/30, finished, ready: 0, running: 1
2023-04-25 15:57:21,319 INFO     abstract_optimizer.py line 201  hp_ready: 0, hp_running: 1, hp_finished: 15, total: 30, pool_size: 3
2023-04-25 15:57:21,539 INFO     abstract_optimizer.py line 201  hp_ready: 1, hp_running: 0, hp_finished: 16, total: 30, pool_size: 3
2023-04-25 15:57:21,541 INFO     module.py    line 125  16/30, finished, ready: 1, running: 0
2023-04-25 15:57:21,698 INFO     abstract_optimizer.py line 201  hp_ready: 1, hp_running: 0, hp_finished: 16, total: 30, pool_size: 3
2023-04-25 15:57:21,700 INFO     module.py    line 125  16/30, finished, ready: 1, running: 0
2023-04-25 15:57:21,858 INFO     abstract_optimizer.py line 201  hp_ready: 1, hp_running: 0, hp_finished: 16, total: 30, pool_size: 3
2023-04-25 15:57:21,860 INFO     module.py    line 125  16/30, finished, ready: 1, running: 0
2023-04-25 15:57:22,032 INFO     abstract_optimizer.py line 201  hp_ready: 0, hp_running: 1, hp_finished: 16, total: 30, pool_size: 3
2023-04-25 15:57:22,033 INFO     module.py    line 125  16/30, finished, ready: 0, running: 1
2023-04-25 15:57:22,183 INFO     abstract_optimizer.py line 201  hp_ready: 0, hp_running: 1, hp_finished: 16, total: 30, pool_size: 3
2023-04-25 15:57:22,184 INFO     module.py    line 125  16/30, finished, ready: 0, running: 1
2023-04-25 15:57:22,342 INFO     abstract_optimizer.py line 201  hp_ready: 0, hp_running: 1, hp_finished: 16, total: 30, pool_size: 3
2023-04-25 15:57:22,343 INFO     module.py    line 125  16/30, finished, ready: 0, running: 1
2023-04-25 15:57:22,506 INFO     abstract_optimizer.py line 201  hp_ready: 0, hp_running: 1, hp_finished: 16, total: 30, pool_size: 3
2023-04-25 15:57:22,508 INFO     module.py    line 125  16/30, finished, ready: 0, running: 1
2023-04-25 15:57:22,654 INFO     abstract_optimizer.py line 201  hp_ready: 0, hp_running: 1, hp_finished: 16, total: 30, pool_size: 3
2023-04-25 15:57:22,655 INFO     module.py    line 125  16/30, finished, ready: 0, running: 1
2023-04-25 15:57:22,800 INFO     abstract_optimizer.py line 201  hp_ready: 0, hp_running: 1, hp_finished: 16, total: 30, pool_size: 3
2023-04-25 15:57:22,801 INFO     module.py    line 125  16/30, finished, ready: 0, running: 1
2023-04-25 15:57:23,005 INFO     abstract_optimizer.py line 201  hp_ready: 0, hp_running: 1, hp_finished: 16, total: 30, pool_size: 3
2023-04-25 15:57:23,025 INFO     module.py    line 125  16/30, finished, ready: 0, running: 1
2023-04-25 15:57:23,166 INFO     abstract_optimizer.py line 201  hp_ready: 0, hp_running: 1, hp_finished: 16, total: 30, pool_size: 3
2023-04-25 15:57:23,168 INFO     module.py    line 125  16/30, finished, ready: 0, running: 1
2023-04-25 15:57:23,306 INFO     abstract_optimizer.py line 201  hp_ready: 0, hp_running: 1, hp_finished: 16, total: 30, pool_size: 3
2023-04-25 15:57:23,308 INFO     module.py    line 125  16/30, finished, ready: 0, running: 1
2023-04-25 15:57:23,471 INFO     abstract_optimizer.py line 201  hp_ready: 0, hp_running: 1, hp_finished: 16, total: 30, pool_size: 3
2023-04-25 15:57:23,474 INFO     module.py    line 125  16/30, finished, ready: 0, running: 1
2023-04-25 15:57:23,654 INFO     abstract_optimizer.py line 201  hp_ready: 0, hp_running: 1, hp_finished: 16, total: 30, pool_size: 3
2023-04-25 15:57:23,656 INFO     module.py    line 125  16/30, finished, ready: 0, running: 1
2023-04-25 15:57:23,792 INFO     abstract_optimizer.py line 201  hp_ready: 0, hp_running: 1, hp_finished: 16, total: 30, pool_size: 3
2023-04-25 15:57:23,794 INFO     module.py    line 125  16/30, finished, ready: 0, running: 1
2023-04-25 15:57:23,960 INFO     abstract_optimizer.py line 201  hp_ready: 0, hp_running: 1, hp_finished: 16, total: 30, pool_size: 3
2023-04-25 15:57:23,961 INFO     module.py    line 125  16/30, finished, ready: 0, running: 1
2023-04-25 15:57:24,107 INFO     abstract_optimizer.py line 201  hp_ready: 0, hp_running: 1, hp_finished: 16, total: 30, pool_size: 3
2023-04-25 15:57:24,107 INFO     module.py    line 125  16/30, finished, ready: 0, running: 1
2023-04-25 15:57:24,270 INFO     abstract_optimizer.py line 201  hp_ready: 0, hp_running: 0, hp_finished: 17, total: 30, pool_size: 4
2023-04-25 15:57:24,528 INFO     abstract_optimizer.py line 201  hp_ready: 1, hp_running: 0, hp_finished: 17, total: 30, pool_size: 3
2023-04-25 15:57:24,529 INFO     module.py    line 125  17/30, finished, ready: 1, running: 0
2023-04-25 15:57:24,690 INFO     abstract_optimizer.py line 201  hp_ready: 1, hp_running: 0, hp_finished: 17, total: 30, pool_size: 3
2023-04-25 15:57:24,691 INFO     module.py    line 125  17/30, finished, ready: 1, running: 0
2023-04-25 15:57:24,838 INFO     abstract_optimizer.py line 201  hp_ready: 1, hp_running: 0, hp_finished: 17, total: 30, pool_size: 3
2023-04-25 15:57:24,839 INFO     module.py    line 125  17/30, finished, ready: 1, running: 0
2023-04-25 15:57:25,015 INFO     abstract_optimizer.py line 201  hp_ready: 0, hp_running: 1, hp_finished: 17, total: 30, pool_size: 3
2023-04-25 15:57:25,017 INFO     module.py    line 125  17/30, finished, ready: 0, running: 1
2023-04-25 15:57:25,176 INFO     abstract_optimizer.py line 201  hp_ready: 0, hp_running: 1, hp_finished: 17, total: 30, pool_size: 3
2023-04-25 15:57:25,178 INFO     module.py    line 125  17/30, finished, ready: 0, running: 1
2023-04-25 15:57:25,329 INFO     abstract_optimizer.py line 201  hp_ready: 0, hp_running: 1, hp_finished: 17, total: 30, pool_size: 3
2023-04-25 15:57:25,331 INFO     module.py    line 125  17/30, finished, ready: 0, running: 1
2023-04-25 15:57:25,494 INFO     abstract_optimizer.py line 201  hp_ready: 0, hp_running: 1, hp_finished: 17, total: 30, pool_size: 3
2023-04-25 15:57:25,495 INFO     module.py    line 125  17/30, finished, ready: 0, running: 1
2023-04-25 15:57:25,651 INFO     abstract_optimizer.py line 201  hp_ready: 0, hp_running: 1, hp_finished: 17, total: 30, pool_size: 3
2023-04-25 15:57:25,653 INFO     module.py    line 125  17/30, finished, ready: 0, running: 1
2023-04-25 15:57:25,810 INFO     abstract_optimizer.py line 201  hp_ready: 0, hp_running: 1, hp_finished: 17, total: 30, pool_size: 3
2023-04-25 15:57:25,811 INFO     module.py    line 125  17/30, finished, ready: 0, running: 1
2023-04-25 15:57:26,016 INFO     abstract_optimizer.py line 201  hp_ready: 0, hp_running: 1, hp_finished: 17, total: 30, pool_size: 3
2023-04-25 15:57:26,034 INFO     module.py    line 125  17/30, finished, ready: 0, running: 1
2023-04-25 15:57:26,176 INFO     abstract_optimizer.py line 201  hp_ready: 0, hp_running: 1, hp_finished: 17, total: 30, pool_size: 3
2023-04-25 15:57:26,178 INFO     module.py    line 125  17/30, finished, ready: 0, running: 1
2023-04-25 15:57:26,318 INFO     abstract_optimizer.py line 201  hp_ready: 0, hp_running: 1, hp_finished: 17, total: 30, pool_size: 3
2023-04-25 15:57:26,319 INFO     module.py    line 125  17/30, finished, ready: 0, running: 1
2023-04-25 15:57:26,466 INFO     abstract_optimizer.py line 201  hp_ready: 0, hp_running: 1, hp_finished: 17, total: 30, pool_size: 3
2023-04-25 15:57:26,474 INFO     module.py    line 125  17/30, finished, ready: 0, running: 1
2023-04-25 15:57:26,677 INFO     abstract_optimizer.py line 201  hp_ready: 0, hp_running: 1, hp_finished: 17, total: 30, pool_size: 3
2023-04-25 15:57:26,678 INFO     module.py    line 125  17/30, finished, ready: 0, running: 1
2023-04-25 15:57:26,817 INFO     abstract_optimizer.py line 201  hp_ready: 0, hp_running: 1, hp_finished: 17, total: 30, pool_size: 3
2023-04-25 15:57:26,818 INFO     module.py    line 125  17/30, finished, ready: 0, running: 1
2023-04-25 15:57:26,986 INFO     abstract_optimizer.py line 201  hp_ready: 0, hp_running: 1, hp_finished: 17, total: 30, pool_size: 3
2023-04-25 15:57:26,987 INFO     module.py    line 125  17/30, finished, ready: 0, running: 1
2023-04-25 15:57:27,142 INFO     abstract_optimizer.py line 201  hp_ready: 0, hp_running: 1, hp_finished: 17, total: 30, pool_size: 3
2023-04-25 15:57:27,360 INFO     abstract_optimizer.py line 201  hp_ready: 1, hp_running: 0, hp_finished: 18, total: 30, pool_size: 3
2023-04-25 15:57:27,362 INFO     module.py    line 125  18/30, finished, ready: 1, running: 0
2023-04-25 15:57:27,523 INFO     abstract_optimizer.py line 201  hp_ready: 1, hp_running: 0, hp_finished: 18, total: 30, pool_size: 3
2023-04-25 15:57:27,524 INFO     module.py    line 125  18/30, finished, ready: 1, running: 0
2023-04-25 15:57:27,685 INFO     abstract_optimizer.py line 201  hp_ready: 1, hp_running: 0, hp_finished: 18, total: 30, pool_size: 3
2023-04-25 15:57:27,686 INFO     module.py    line 125  18/30, finished, ready: 1, running: 0
2023-04-25 15:57:27,881 INFO     abstract_optimizer.py line 201  hp_ready: 0, hp_running: 1, hp_finished: 18, total: 30, pool_size: 3
2023-04-25 15:57:27,882 INFO     module.py    line 125  18/30, finished, ready: 0, running: 1
2023-04-25 15:57:28,038 INFO     abstract_optimizer.py line 201  hp_ready: 0, hp_running: 1, hp_finished: 18, total: 30, pool_size: 3
2023-04-25 15:57:28,040 INFO     module.py    line 125  18/30, finished, ready: 0, running: 1
2023-04-25 15:57:28,196 INFO     abstract_optimizer.py line 201  hp_ready: 0, hp_running: 1, hp_finished: 18, total: 30, pool_size: 3
2023-04-25 15:57:28,198 INFO     module.py    line 125  18/30, finished, ready: 0, running: 1
2023-04-25 15:57:28,362 INFO     abstract_optimizer.py line 201  hp_ready: 0, hp_running: 1, hp_finished: 18, total: 30, pool_size: 3
2023-04-25 15:57:28,364 INFO     module.py    line 125  18/30, finished, ready: 0, running: 1
2023-04-25 15:57:28,527 INFO     abstract_optimizer.py line 201  hp_ready: 0, hp_running: 1, hp_finished: 18, total: 30, pool_size: 3
2023-04-25 15:57:28,529 INFO     module.py    line 125  18/30, finished, ready: 0, running: 1
2023-04-25 15:57:28,671 INFO     abstract_optimizer.py line 201  hp_ready: 0, hp_running: 1, hp_finished: 18, total: 30, pool_size: 3
2023-04-25 15:57:28,673 INFO     module.py    line 125  18/30, finished, ready: 0, running: 1
2023-04-25 15:57:28,878 INFO     abstract_optimizer.py line 201  hp_ready: 0, hp_running: 1, hp_finished: 18, total: 30, pool_size: 3
2023-04-25 15:57:28,883 INFO     module.py    line 125  18/30, finished, ready: 0, running: 1
2023-04-25 15:57:29,037 INFO     abstract_optimizer.py line 201  hp_ready: 0, hp_running: 1, hp_finished: 18, total: 30, pool_size: 3
2023-04-25 15:57:29,039 INFO     module.py    line 125  18/30, finished, ready: 0, running: 1
2023-04-25 15:57:29,175 INFO     abstract_optimizer.py line 201  hp_ready: 0, hp_running: 1, hp_finished: 18, total: 30, pool_size: 3
2023-04-25 15:57:29,177 INFO     module.py    line 125  18/30, finished, ready: 0, running: 1
2023-04-25 15:57:29,359 INFO     abstract_optimizer.py line 201  hp_ready: 0, hp_running: 1, hp_finished: 18, total: 30, pool_size: 3
2023-04-25 15:57:29,362 INFO     module.py    line 125  18/30, finished, ready: 0, running: 1
2023-04-25 15:57:29,519 INFO     abstract_optimizer.py line 201  hp_ready: 0, hp_running: 1, hp_finished: 18, total: 30, pool_size: 3
2023-04-25 15:57:29,521 INFO     module.py    line 125  18/30, finished, ready: 0, running: 1
2023-04-25 15:57:29,659 INFO     abstract_optimizer.py line 201  hp_ready: 0, hp_running: 1, hp_finished: 18, total: 30, pool_size: 3
2023-04-25 15:57:29,661 INFO     module.py    line 125  18/30, finished, ready: 0, running: 1
2023-04-25 15:57:29,826 INFO     abstract_optimizer.py line 201  hp_ready: 0, hp_running: 1, hp_finished: 18, total: 30, pool_size: 3
2023-04-25 15:57:29,827 INFO     module.py    line 125  18/30, finished, ready: 0, running: 1
2023-04-25 15:57:29,976 INFO     abstract_optimizer.py line 201  hp_ready: 0, hp_running: 1, hp_finished: 18, total: 30, pool_size: 3
2023-04-25 15:57:29,976 INFO     module.py    line 125  18/30, finished, ready: 0, running: 1
2023-04-25 15:57:30,140 INFO     abstract_optimizer.py line 201  hp_ready: 0, hp_running: 0, hp_finished: 19, total: 30, pool_size: 4
2023-04-25 15:57:30,366 INFO     abstract_optimizer.py line 201  hp_ready: 1, hp_running: 0, hp_finished: 19, total: 30, pool_size: 3
2023-04-25 15:57:30,367 INFO     module.py    line 125  19/30, finished, ready: 1, running: 0
2023-04-25 15:57:30,526 INFO     abstract_optimizer.py line 201  hp_ready: 1, hp_running: 0, hp_finished: 19, total: 30, pool_size: 3
2023-04-25 15:57:30,528 INFO     module.py    line 125  19/30, finished, ready: 1, running: 0
2023-04-25 15:57:30,685 INFO     abstract_optimizer.py line 201  hp_ready: 1, hp_running: 0, hp_finished: 19, total: 30, pool_size: 3
2023-04-25 15:57:30,686 INFO     module.py    line 125  19/30, finished, ready: 1, running: 0
2023-04-25 15:57:30,862 INFO     abstract_optimizer.py line 201  hp_ready: 0, hp_running: 1, hp_finished: 19, total: 30, pool_size: 3
2023-04-25 15:57:30,863 INFO     module.py    line 125  19/30, finished, ready: 0, running: 1
2023-04-25 15:57:31,014 INFO     abstract_optimizer.py line 201  hp_ready: 0, hp_running: 1, hp_finished: 19, total: 30, pool_size: 3
2023-04-25 15:57:31,016 INFO     module.py    line 125  19/30, finished, ready: 0, running: 1
2023-04-25 15:57:31,173 INFO     abstract_optimizer.py line 201  hp_ready: 0, hp_running: 1, hp_finished: 19, total: 30, pool_size: 3
2023-04-25 15:57:31,175 INFO     module.py    line 125  19/30, finished, ready: 0, running: 1
2023-04-25 15:57:31,336 INFO     abstract_optimizer.py line 201  hp_ready: 0, hp_running: 1, hp_finished: 19, total: 30, pool_size: 3
2023-04-25 15:57:31,338 INFO     module.py    line 125  19/30, finished, ready: 0, running: 1
2023-04-25 15:57:31,495 INFO     abstract_optimizer.py line 201  hp_ready: 0, hp_running: 1, hp_finished: 19, total: 30, pool_size: 3
2023-04-25 15:57:31,497 INFO     module.py    line 125  19/30, finished, ready: 0, running: 1
2023-04-25 15:57:31,641 INFO     abstract_optimizer.py line 201  hp_ready: 0, hp_running: 1, hp_finished: 19, total: 30, pool_size: 3
2023-04-25 15:57:31,642 INFO     module.py    line 125  19/30, finished, ready: 0, running: 1
2023-04-25 15:57:31,844 INFO     abstract_optimizer.py line 201  hp_ready: 0, hp_running: 1, hp_finished: 19, total: 30, pool_size: 3
2023-04-25 15:57:31,852 INFO     module.py    line 125  19/30, finished, ready: 0, running: 1
2023-04-25 15:57:32,007 INFO     abstract_optimizer.py line 201  hp_ready: 0, hp_running: 1, hp_finished: 19, total: 30, pool_size: 3
2023-04-25 15:57:32,009 INFO     module.py    line 125  19/30, finished, ready: 0, running: 1
2023-04-25 15:57:32,148 INFO     abstract_optimizer.py line 201  hp_ready: 0, hp_running: 1, hp_finished: 19, total: 30, pool_size: 3
2023-04-25 15:57:32,150 INFO     module.py    line 125  19/30, finished, ready: 0, running: 1
2023-04-25 15:57:32,330 INFO     abstract_optimizer.py line 201  hp_ready: 0, hp_running: 1, hp_finished: 19, total: 30, pool_size: 3
2023-04-25 15:57:32,346 INFO     module.py    line 125  19/30, finished, ready: 0, running: 1
2023-04-25 15:57:32,493 INFO     abstract_optimizer.py line 201  hp_ready: 0, hp_running: 1, hp_finished: 19, total: 30, pool_size: 3
2023-04-25 15:57:32,495 INFO     module.py    line 125  19/30, finished, ready: 0, running: 1
2023-04-25 15:57:32,634 INFO     abstract_optimizer.py line 201  hp_ready: 0, hp_running: 1, hp_finished: 19, total: 30, pool_size: 3
2023-04-25 15:57:32,635 INFO     module.py    line 125  19/30, finished, ready: 0, running: 1
2023-04-25 15:57:32,804 INFO     abstract_optimizer.py line 201  hp_ready: 0, hp_running: 1, hp_finished: 19, total: 30, pool_size: 3
2023-04-25 15:57:32,805 INFO     module.py    line 125  19/30, finished, ready: 0, running: 1
2023-04-25 15:57:32,955 INFO     abstract_optimizer.py line 201  hp_ready: 0, hp_running: 1, hp_finished: 19, total: 30, pool_size: 3
2023-04-25 15:57:33,201 INFO     abstract_optimizer.py line 201  hp_ready: 1, hp_running: 0, hp_finished: 20, total: 30, pool_size: 3
2023-04-25 15:57:33,204 INFO     module.py    line 125  20/30, finished, ready: 1, running: 0
2023-04-25 15:57:33,371 INFO     abstract_optimizer.py line 201  hp_ready: 1, hp_running: 0, hp_finished: 20, total: 30, pool_size: 3
2023-04-25 15:57:33,373 INFO     module.py    line 125  20/30, finished, ready: 1, running: 0
2023-04-25 15:57:33,534 INFO     abstract_optimizer.py line 201  hp_ready: 1, hp_running: 0, hp_finished: 20, total: 30, pool_size: 3
2023-04-25 15:57:33,535 INFO     module.py    line 125  20/30, finished, ready: 1, running: 0
2023-04-25 15:57:33,725 INFO     abstract_optimizer.py line 201  hp_ready: 0, hp_running: 1, hp_finished: 20, total: 30, pool_size: 3
2023-04-25 15:57:33,727 INFO     module.py    line 125  20/30, finished, ready: 0, running: 1
2023-04-25 15:57:33,883 INFO     abstract_optimizer.py line 201  hp_ready: 0, hp_running: 1, hp_finished: 20, total: 30, pool_size: 3
2023-04-25 15:57:33,884 INFO     module.py    line 125  20/30, finished, ready: 0, running: 1
2023-04-25 15:57:34,042 INFO     abstract_optimizer.py line 201  hp_ready: 0, hp_running: 1, hp_finished: 20, total: 30, pool_size: 3
2023-04-25 15:57:34,044 INFO     module.py    line 125  20/30, finished, ready: 0, running: 1
2023-04-25 15:57:34,205 INFO     abstract_optimizer.py line 201  hp_ready: 0, hp_running: 1, hp_finished: 20, total: 30, pool_size: 3
2023-04-25 15:57:34,206 INFO     module.py    line 125  20/30, finished, ready: 0, running: 1
2023-04-25 15:57:34,368 INFO     abstract_optimizer.py line 201  hp_ready: 0, hp_running: 1, hp_finished: 20, total: 30, pool_size: 3
2023-04-25 15:57:34,370 INFO     module.py    line 125  20/30, finished, ready: 0, running: 1
2023-04-25 15:57:34,526 INFO     abstract_optimizer.py line 201  hp_ready: 0, hp_running: 1, hp_finished: 20, total: 30, pool_size: 3
2023-04-25 15:57:34,527 INFO     module.py    line 125  20/30, finished, ready: 0, running: 1
2023-04-25 15:57:34,726 INFO     abstract_optimizer.py line 201  hp_ready: 0, hp_running: 1, hp_finished: 20, total: 30, pool_size: 3
2023-04-25 15:57:34,736 INFO     module.py    line 125  20/30, finished, ready: 0, running: 1
2023-04-25 15:57:34,884 INFO     abstract_optimizer.py line 201  hp_ready: 0, hp_running: 1, hp_finished: 20, total: 30, pool_size: 3
2023-04-25 15:57:34,886 INFO     module.py    line 125  20/30, finished, ready: 0, running: 1
2023-04-25 15:57:35,027 INFO     abstract_optimizer.py line 201  hp_ready: 0, hp_running: 1, hp_finished: 20, total: 30, pool_size: 3
2023-04-25 15:57:35,029 INFO     module.py    line 125  20/30, finished, ready: 0, running: 1
2023-04-25 15:57:35,221 INFO     abstract_optimizer.py line 201  hp_ready: 0, hp_running: 1, hp_finished: 20, total: 30, pool_size: 3
2023-04-25 15:57:35,225 INFO     module.py    line 125  20/30, finished, ready: 0, running: 1
2023-04-25 15:57:35,375 INFO     abstract_optimizer.py line 201  hp_ready: 0, hp_running: 1, hp_finished: 20, total: 30, pool_size: 3
2023-04-25 15:57:35,377 INFO     module.py    line 125  20/30, finished, ready: 0, running: 1
2023-04-25 15:57:35,515 INFO     abstract_optimizer.py line 201  hp_ready: 0, hp_running: 1, hp_finished: 20, total: 30, pool_size: 3
2023-04-25 15:57:35,517 INFO     module.py    line 125  20/30, finished, ready: 0, running: 1
2023-04-25 15:57:35,684 INFO     abstract_optimizer.py line 201  hp_ready: 0, hp_running: 1, hp_finished: 20, total: 30, pool_size: 3
2023-04-25 15:57:35,685 INFO     module.py    line 125  20/30, finished, ready: 0, running: 1
2023-04-25 15:57:35,828 INFO     abstract_optimizer.py line 201  hp_ready: 0, hp_running: 1, hp_finished: 20, total: 30, pool_size: 3
2023-04-25 15:57:35,829 INFO     module.py    line 125  20/30, finished, ready: 0, running: 1
2023-04-25 15:57:35,999 INFO     abstract_optimizer.py line 201  hp_ready: 0, hp_running: 0, hp_finished: 21, total: 30, pool_size: 4
2023-04-25 15:57:36,209 INFO     abstract_optimizer.py line 201  hp_ready: 1, hp_running: 0, hp_finished: 21, total: 30, pool_size: 3
2023-04-25 15:57:36,211 INFO     module.py    line 125  21/30, finished, ready: 1, running: 0
2023-04-25 15:57:36,370 INFO     abstract_optimizer.py line 201  hp_ready: 1, hp_running: 0, hp_finished: 21, total: 30, pool_size: 3
2023-04-25 15:57:36,372 INFO     module.py    line 125  21/30, finished, ready: 1, running: 0
2023-04-25 15:57:36,532 INFO     abstract_optimizer.py line 201  hp_ready: 1, hp_running: 0, hp_finished: 21, total: 30, pool_size: 3
2023-04-25 15:57:36,534 INFO     module.py    line 125  21/30, finished, ready: 1, running: 0
2023-04-25 15:57:36,700 INFO     abstract_optimizer.py line 201  hp_ready: 0, hp_running: 1, hp_finished: 21, total: 30, pool_size: 3
2023-04-25 15:57:36,701 INFO     module.py    line 125  21/30, finished, ready: 0, running: 1
2023-04-25 15:57:36,850 INFO     abstract_optimizer.py line 201  hp_ready: 0, hp_running: 1, hp_finished: 21, total: 30, pool_size: 3
2023-04-25 15:57:36,851 INFO     module.py    line 125  21/30, finished, ready: 0, running: 1
2023-04-25 15:57:37,005 INFO     abstract_optimizer.py line 201  hp_ready: 0, hp_running: 1, hp_finished: 21, total: 30, pool_size: 3
2023-04-25 15:57:37,006 INFO     module.py    line 125  21/30, finished, ready: 0, running: 1
2023-04-25 15:57:37,164 INFO     abstract_optimizer.py line 201  hp_ready: 0, hp_running: 1, hp_finished: 21, total: 30, pool_size: 3
2023-04-25 15:57:37,166 INFO     module.py    line 125  21/30, finished, ready: 0, running: 1
2023-04-25 15:57:37,321 INFO     abstract_optimizer.py line 201  hp_ready: 0, hp_running: 1, hp_finished: 21, total: 30, pool_size: 3
2023-04-25 15:57:37,323 INFO     module.py    line 125  21/30, finished, ready: 0, running: 1
2023-04-25 15:57:37,477 INFO     abstract_optimizer.py line 201  hp_ready: 0, hp_running: 1, hp_finished: 21, total: 30, pool_size: 3
2023-04-25 15:57:37,479 INFO     module.py    line 125  21/30, finished, ready: 0, running: 1
2023-04-25 15:57:37,698 INFO     abstract_optimizer.py line 201  hp_ready: 0, hp_running: 1, hp_finished: 21, total: 30, pool_size: 3
2023-04-25 15:57:37,702 INFO     module.py    line 125  21/30, finished, ready: 0, running: 1
2023-04-25 15:57:37,843 INFO     abstract_optimizer.py line 201  hp_ready: 0, hp_running: 1, hp_finished: 21, total: 30, pool_size: 3
2023-04-25 15:57:37,844 INFO     module.py    line 125  21/30, finished, ready: 0, running: 1
2023-04-25 15:57:37,980 INFO     abstract_optimizer.py line 201  hp_ready: 0, hp_running: 1, hp_finished: 21, total: 30, pool_size: 3
2023-04-25 15:57:37,982 INFO     module.py    line 125  21/30, finished, ready: 0, running: 1
2023-04-25 15:57:38,134 INFO     abstract_optimizer.py line 201  hp_ready: 0, hp_running: 1, hp_finished: 21, total: 30, pool_size: 3
2023-04-25 15:57:38,140 INFO     module.py    line 125  21/30, finished, ready: 0, running: 1
2023-04-25 15:57:38,317 INFO     abstract_optimizer.py line 201  hp_ready: 0, hp_running: 1, hp_finished: 21, total: 30, pool_size: 3
2023-04-25 15:57:38,319 INFO     module.py    line 125  21/30, finished, ready: 0, running: 1
2023-04-25 15:57:38,458 INFO     abstract_optimizer.py line 201  hp_ready: 0, hp_running: 1, hp_finished: 21, total: 30, pool_size: 3
2023-04-25 15:57:38,459 INFO     module.py    line 125  21/30, finished, ready: 0, running: 1
2023-04-25 15:57:38,629 INFO     abstract_optimizer.py line 201  hp_ready: 0, hp_running: 1, hp_finished: 21, total: 30, pool_size: 3
2023-04-25 15:57:38,630 INFO     module.py    line 125  21/30, finished, ready: 0, running: 1
2023-04-25 15:57:38,785 INFO     abstract_optimizer.py line 201  hp_ready: 0, hp_running: 1, hp_finished: 21, total: 30, pool_size: 3
2023-04-25 15:57:39,026 INFO     abstract_optimizer.py line 201  hp_ready: 1, hp_running: 0, hp_finished: 22, total: 30, pool_size: 3
2023-04-25 15:57:39,027 INFO     module.py    line 125  22/30, finished, ready: 1, running: 0
2023-04-25 15:57:39,186 INFO     abstract_optimizer.py line 201  hp_ready: 1, hp_running: 0, hp_finished: 22, total: 30, pool_size: 3
2023-04-25 15:57:39,188 INFO     module.py    line 125  22/30, finished, ready: 1, running: 0
2023-04-25 15:57:39,348 INFO     abstract_optimizer.py line 201  hp_ready: 1, hp_running: 0, hp_finished: 22, total: 30, pool_size: 3
2023-04-25 15:57:39,350 INFO     module.py    line 125  22/30, finished, ready: 1, running: 0
2023-04-25 15:57:39,522 INFO     abstract_optimizer.py line 201  hp_ready: 0, hp_running: 1, hp_finished: 22, total: 30, pool_size: 3
2023-04-25 15:57:39,523 INFO     module.py    line 125  22/30, finished, ready: 0, running: 1
2023-04-25 15:57:39,672 INFO     abstract_optimizer.py line 201  hp_ready: 0, hp_running: 1, hp_finished: 22, total: 30, pool_size: 3
2023-04-25 15:57:39,673 INFO     module.py    line 125  22/30, finished, ready: 0, running: 1
2023-04-25 15:57:39,829 INFO     abstract_optimizer.py line 201  hp_ready: 0, hp_running: 1, hp_finished: 22, total: 30, pool_size: 3
2023-04-25 15:57:39,831 INFO     module.py    line 125  22/30, finished, ready: 0, running: 1
2023-04-25 15:57:39,993 INFO     abstract_optimizer.py line 201  hp_ready: 0, hp_running: 1, hp_finished: 22, total: 30, pool_size: 3
2023-04-25 15:57:39,994 INFO     module.py    line 125  22/30, finished, ready: 0, running: 1
2023-04-25 15:57:40,155 INFO     abstract_optimizer.py line 201  hp_ready: 0, hp_running: 1, hp_finished: 22, total: 30, pool_size: 3
2023-04-25 15:57:40,157 INFO     module.py    line 125  22/30, finished, ready: 0, running: 1
2023-04-25 15:57:40,313 INFO     abstract_optimizer.py line 201  hp_ready: 0, hp_running: 1, hp_finished: 22, total: 30, pool_size: 3
2023-04-25 15:57:40,314 INFO     module.py    line 125  22/30, finished, ready: 0, running: 1
2023-04-25 15:57:40,510 INFO     abstract_optimizer.py line 201  hp_ready: 0, hp_running: 1, hp_finished: 22, total: 30, pool_size: 3
2023-04-25 15:57:40,516 INFO     module.py    line 125  22/30, finished, ready: 0, running: 1
2023-04-25 15:57:40,674 INFO     abstract_optimizer.py line 201  hp_ready: 0, hp_running: 1, hp_finished: 22, total: 30, pool_size: 3
2023-04-25 15:57:40,675 INFO     module.py    line 125  22/30, finished, ready: 0, running: 1
2023-04-25 15:57:40,813 INFO     abstract_optimizer.py line 201  hp_ready: 0, hp_running: 1, hp_finished: 22, total: 30, pool_size: 3
2023-04-25 15:57:40,815 INFO     module.py    line 125  22/30, finished, ready: 0, running: 1
2023-04-25 15:57:40,995 INFO     abstract_optimizer.py line 201  hp_ready: 0, hp_running: 1, hp_finished: 22, total: 30, pool_size: 3
2023-04-25 15:57:40,999 INFO     module.py    line 125  22/30, finished, ready: 0, running: 1
2023-04-25 15:57:41,152 INFO     abstract_optimizer.py line 201  hp_ready: 0, hp_running: 1, hp_finished: 22, total: 30, pool_size: 3
2023-04-25 15:57:41,154 INFO     module.py    line 125  22/30, finished, ready: 0, running: 1
2023-04-25 15:57:41,289 INFO     abstract_optimizer.py line 201  hp_ready: 0, hp_running: 1, hp_finished: 22, total: 30, pool_size: 3
2023-04-25 15:57:41,291 INFO     module.py    line 125  22/30, finished, ready: 0, running: 1
2023-04-25 15:57:41,459 INFO     abstract_optimizer.py line 201  hp_ready: 0, hp_running: 1, hp_finished: 22, total: 30, pool_size: 3
2023-04-25 15:57:41,460 INFO     module.py    line 125  22/30, finished, ready: 0, running: 1
2023-04-25 15:57:41,603 INFO     abstract_optimizer.py line 201  hp_ready: 0, hp_running: 1, hp_finished: 22, total: 30, pool_size: 3
2023-04-25 15:57:41,603 INFO     module.py    line 125  22/30, finished, ready: 0, running: 1
2023-04-25 15:57:41,757 INFO     abstract_optimizer.py line 201  hp_ready: 0, hp_running: 0, hp_finished: 23, total: 30, pool_size: 4
2023-04-25 15:57:42,006 INFO     abstract_optimizer.py line 201  hp_ready: 1, hp_running: 0, hp_finished: 23, total: 30, pool_size: 3
2023-04-25 15:57:42,007 INFO     module.py    line 125  23/30, finished, ready: 1, running: 0
2023-04-25 15:57:42,159 INFO     abstract_optimizer.py line 201  hp_ready: 1, hp_running: 0, hp_finished: 23, total: 30, pool_size: 3
2023-04-25 15:57:42,161 INFO     module.py    line 125  23/30, finished, ready: 1, running: 0
2023-04-25 15:57:42,319 INFO     abstract_optimizer.py line 201  hp_ready: 1, hp_running: 0, hp_finished: 23, total: 30, pool_size: 3
2023-04-25 15:57:42,321 INFO     module.py    line 125  23/30, finished, ready: 1, running: 0
2023-04-25 15:57:42,504 INFO     abstract_optimizer.py line 201  hp_ready: 0, hp_running: 1, hp_finished: 23, total: 30, pool_size: 3
2023-04-25 15:57:42,506 INFO     module.py    line 125  23/30, finished, ready: 0, running: 1
2023-04-25 15:57:42,662 INFO     abstract_optimizer.py line 201  hp_ready: 0, hp_running: 1, hp_finished: 23, total: 30, pool_size: 3
2023-04-25 15:57:42,664 INFO     module.py    line 125  23/30, finished, ready: 0, running: 1
2023-04-25 15:57:42,822 INFO     abstract_optimizer.py line 201  hp_ready: 0, hp_running: 1, hp_finished: 23, total: 30, pool_size: 3
2023-04-25 15:57:42,823 INFO     module.py    line 125  23/30, finished, ready: 0, running: 1
2023-04-25 15:57:42,988 INFO     abstract_optimizer.py line 201  hp_ready: 0, hp_running: 1, hp_finished: 23, total: 30, pool_size: 3
2023-04-25 15:57:42,989 INFO     module.py    line 125  23/30, finished, ready: 0, running: 1
2023-04-25 15:57:43,134 INFO     abstract_optimizer.py line 201  hp_ready: 0, hp_running: 1, hp_finished: 23, total: 30, pool_size: 3
2023-04-25 15:57:43,136 INFO     module.py    line 125  23/30, finished, ready: 0, running: 1
2023-04-25 15:57:43,291 INFO     abstract_optimizer.py line 201  hp_ready: 0, hp_running: 1, hp_finished: 23, total: 30, pool_size: 3
2023-04-25 15:57:43,293 INFO     module.py    line 125  23/30, finished, ready: 0, running: 1
2023-04-25 15:57:43,489 INFO     abstract_optimizer.py line 201  hp_ready: 0, hp_running: 1, hp_finished: 23, total: 30, pool_size: 3
2023-04-25 15:57:43,496 INFO     module.py    line 125  23/30, finished, ready: 0, running: 1
2023-04-25 15:57:43,645 INFO     abstract_optimizer.py line 201  hp_ready: 0, hp_running: 1, hp_finished: 23, total: 30, pool_size: 3
2023-04-25 15:57:43,647 INFO     module.py    line 125  23/30, finished, ready: 0, running: 1
2023-04-25 15:57:43,785 INFO     abstract_optimizer.py line 201  hp_ready: 0, hp_running: 1, hp_finished: 23, total: 30, pool_size: 3
2023-04-25 15:57:43,787 INFO     module.py    line 125  23/30, finished, ready: 0, running: 1
2023-04-25 15:57:43,946 INFO     abstract_optimizer.py line 201  hp_ready: 0, hp_running: 1, hp_finished: 23, total: 30, pool_size: 3
2023-04-25 15:57:43,958 INFO     module.py    line 125  23/30, finished, ready: 0, running: 1
2023-04-25 15:57:44,141 INFO     abstract_optimizer.py line 201  hp_ready: 0, hp_running: 1, hp_finished: 23, total: 30, pool_size: 3
2023-04-25 15:57:44,143 INFO     module.py    line 125  23/30, finished, ready: 0, running: 1
2023-04-25 15:57:44,285 INFO     abstract_optimizer.py line 201  hp_ready: 0, hp_running: 1, hp_finished: 23, total: 30, pool_size: 3
2023-04-25 15:57:44,287 INFO     module.py    line 125  23/30, finished, ready: 0, running: 1
2023-04-25 15:57:44,458 INFO     abstract_optimizer.py line 201  hp_ready: 0, hp_running: 1, hp_finished: 23, total: 30, pool_size: 3
2023-04-25 15:57:44,459 INFO     module.py    line 125  23/30, finished, ready: 0, running: 1
2023-04-25 15:57:44,609 INFO     abstract_optimizer.py line 201  hp_ready: 0, hp_running: 1, hp_finished: 23, total: 30, pool_size: 3
2023-04-25 15:57:44,609 INFO     module.py    line 125  23/30, finished, ready: 0, running: 1
2023-04-25 15:57:44,776 INFO     abstract_optimizer.py line 201  hp_ready: 0, hp_running: 0, hp_finished: 24, total: 30, pool_size: 4
2023-04-25 15:57:45,015 INFO     abstract_optimizer.py line 201  hp_ready: 1, hp_running: 0, hp_finished: 24, total: 30, pool_size: 3
2023-04-25 15:57:45,017 INFO     module.py    line 125  24/30, finished, ready: 1, running: 0
2023-04-25 15:57:45,178 INFO     abstract_optimizer.py line 201  hp_ready: 1, hp_running: 0, hp_finished: 24, total: 30, pool_size: 3
2023-04-25 15:57:45,179 INFO     module.py    line 125  24/30, finished, ready: 1, running: 0
2023-04-25 15:57:45,335 INFO     abstract_optimizer.py line 201  hp_ready: 1, hp_running: 0, hp_finished: 24, total: 30, pool_size: 3
2023-04-25 15:57:45,337 INFO     module.py    line 125  24/30, finished, ready: 1, running: 0
2023-04-25 15:57:45,512 INFO     abstract_optimizer.py line 201  hp_ready: 0, hp_running: 1, hp_finished: 24, total: 30, pool_size: 3
2023-04-25 15:57:45,513 INFO     module.py    line 125  24/30, finished, ready: 0, running: 1
2023-04-25 15:57:45,670 INFO     abstract_optimizer.py line 201  hp_ready: 0, hp_running: 1, hp_finished: 24, total: 30, pool_size: 3
2023-04-25 15:57:45,672 INFO     module.py    line 125  24/30, finished, ready: 0, running: 1
2023-04-25 15:57:45,829 INFO     abstract_optimizer.py line 201  hp_ready: 0, hp_running: 1, hp_finished: 24, total: 30, pool_size: 3
2023-04-25 15:57:45,830 INFO     module.py    line 125  24/30, finished, ready: 0, running: 1
2023-04-25 15:57:45,991 INFO     abstract_optimizer.py line 201  hp_ready: 0, hp_running: 1, hp_finished: 24, total: 30, pool_size: 3
2023-04-25 15:57:45,993 INFO     module.py    line 125  24/30, finished, ready: 0, running: 1
2023-04-25 15:57:46,155 INFO     abstract_optimizer.py line 201  hp_ready: 0, hp_running: 1, hp_finished: 24, total: 30, pool_size: 3
2023-04-25 15:57:46,156 INFO     module.py    line 125  24/30, finished, ready: 0, running: 1
2023-04-25 15:57:46,316 INFO     abstract_optimizer.py line 201  hp_ready: 0, hp_running: 1, hp_finished: 24, total: 30, pool_size: 3
2023-04-25 15:57:46,317 INFO     module.py    line 125  24/30, finished, ready: 0, running: 1
2023-04-25 15:57:46,528 INFO     abstract_optimizer.py line 201  hp_ready: 0, hp_running: 1, hp_finished: 24, total: 30, pool_size: 3
2023-04-25 15:57:46,541 INFO     module.py    line 125  24/30, finished, ready: 0, running: 1
2023-04-25 15:57:46,687 INFO     abstract_optimizer.py line 201  hp_ready: 0, hp_running: 1, hp_finished: 24, total: 30, pool_size: 3
2023-04-25 15:57:46,689 INFO     module.py    line 125  24/30, finished, ready: 0, running: 1
2023-04-25 15:57:46,827 INFO     abstract_optimizer.py line 201  hp_ready: 0, hp_running: 1, hp_finished: 24, total: 30, pool_size: 3
2023-04-25 15:57:46,829 INFO     module.py    line 125  24/30, finished, ready: 0, running: 1
2023-04-25 15:57:47,018 INFO     abstract_optimizer.py line 201  hp_ready: 0, hp_running: 1, hp_finished: 24, total: 30, pool_size: 3
2023-04-25 15:57:47,022 INFO     module.py    line 125  24/30, finished, ready: 0, running: 1
2023-04-25 15:57:47,178 INFO     abstract_optimizer.py line 201  hp_ready: 0, hp_running: 1, hp_finished: 24, total: 30, pool_size: 3
2023-04-25 15:57:47,179 INFO     module.py    line 125  24/30, finished, ready: 0, running: 1
2023-04-25 15:57:47,323 INFO     abstract_optimizer.py line 201  hp_ready: 0, hp_running: 1, hp_finished: 24, total: 30, pool_size: 3
2023-04-25 15:57:47,325 INFO     module.py    line 125  24/30, finished, ready: 0, running: 1
2023-04-25 15:57:47,496 INFO     abstract_optimizer.py line 201  hp_ready: 0, hp_running: 1, hp_finished: 24, total: 30, pool_size: 3
2023-04-25 15:57:47,497 INFO     module.py    line 125  24/30, finished, ready: 0, running: 1
2023-04-25 15:57:47,653 INFO     abstract_optimizer.py line 201  hp_ready: 0, hp_running: 1, hp_finished: 24, total: 30, pool_size: 3
2023-04-25 15:57:47,901 INFO     abstract_optimizer.py line 201  hp_ready: 1, hp_running: 0, hp_finished: 25, total: 30, pool_size: 3
2023-04-25 15:57:47,902 INFO     module.py    line 125  25/30, finished, ready: 1, running: 0
2023-04-25 15:57:48,064 INFO     abstract_optimizer.py line 201  hp_ready: 1, hp_running: 0, hp_finished: 25, total: 30, pool_size: 3
2023-04-25 15:57:48,065 INFO     module.py    line 125  25/30, finished, ready: 1, running: 0
2023-04-25 15:57:48,230 INFO     abstract_optimizer.py line 201  hp_ready: 1, hp_running: 0, hp_finished: 25, total: 30, pool_size: 3
2023-04-25 15:57:48,231 INFO     module.py    line 125  25/30, finished, ready: 1, running: 0
2023-04-25 15:57:48,417 INFO     abstract_optimizer.py line 201  hp_ready: 0, hp_running: 1, hp_finished: 25, total: 30, pool_size: 3
2023-04-25 15:57:48,419 INFO     module.py    line 125  25/30, finished, ready: 0, running: 1
2023-04-25 15:57:48,585 INFO     abstract_optimizer.py line 201  hp_ready: 0, hp_running: 1, hp_finished: 25, total: 30, pool_size: 3
2023-04-25 15:57:48,587 INFO     module.py    line 125  25/30, finished, ready: 0, running: 1
2023-04-25 15:57:48,736 INFO     abstract_optimizer.py line 201  hp_ready: 0, hp_running: 1, hp_finished: 25, total: 30, pool_size: 3
2023-04-25 15:57:48,738 INFO     module.py    line 125  25/30, finished, ready: 0, running: 1
2023-04-25 15:57:48,901 INFO     abstract_optimizer.py line 201  hp_ready: 0, hp_running: 1, hp_finished: 25, total: 30, pool_size: 3
2023-04-25 15:57:48,903 INFO     module.py    line 125  25/30, finished, ready: 0, running: 1
2023-04-25 15:57:49,061 INFO     abstract_optimizer.py line 201  hp_ready: 0, hp_running: 1, hp_finished: 25, total: 30, pool_size: 3
2023-04-25 15:57:49,062 INFO     module.py    line 125  25/30, finished, ready: 0, running: 1
2023-04-25 15:57:49,218 INFO     abstract_optimizer.py line 201  hp_ready: 0, hp_running: 1, hp_finished: 25, total: 30, pool_size: 3
2023-04-25 15:57:49,219 INFO     module.py    line 125  25/30, finished, ready: 0, running: 1
2023-04-25 15:57:49,418 INFO     abstract_optimizer.py line 201  hp_ready: 0, hp_running: 1, hp_finished: 25, total: 30, pool_size: 3
2023-04-25 15:57:49,424 INFO     module.py    line 125  25/30, finished, ready: 0, running: 1
2023-04-25 15:57:49,582 INFO     abstract_optimizer.py line 201  hp_ready: 0, hp_running: 1, hp_finished: 25, total: 30, pool_size: 3
2023-04-25 15:57:49,584 INFO     module.py    line 125  25/30, finished, ready: 0, running: 1
2023-04-25 15:57:49,721 INFO     abstract_optimizer.py line 201  hp_ready: 0, hp_running: 1, hp_finished: 25, total: 30, pool_size: 3
2023-04-25 15:57:49,723 INFO     module.py    line 125  25/30, finished, ready: 0, running: 1
2023-04-25 15:57:49,903 INFO     abstract_optimizer.py line 201  hp_ready: 0, hp_running: 1, hp_finished: 25, total: 30, pool_size: 3
2023-04-25 15:57:49,906 INFO     module.py    line 125  25/30, finished, ready: 0, running: 1
2023-04-25 15:57:50,085 INFO     abstract_optimizer.py line 201  hp_ready: 0, hp_running: 1, hp_finished: 25, total: 30, pool_size: 3
2023-04-25 15:57:50,087 INFO     module.py    line 125  25/30, finished, ready: 0, running: 1
2023-04-25 15:57:50,222 INFO     abstract_optimizer.py line 201  hp_ready: 0, hp_running: 1, hp_finished: 25, total: 30, pool_size: 3
2023-04-25 15:57:50,224 INFO     module.py    line 125  25/30, finished, ready: 0, running: 1
2023-04-25 15:57:50,389 INFO     abstract_optimizer.py line 201  hp_ready: 0, hp_running: 1, hp_finished: 25, total: 30, pool_size: 3
2023-04-25 15:57:50,390 INFO     module.py    line 125  25/30, finished, ready: 0, running: 1
2023-04-25 15:57:50,546 INFO     abstract_optimizer.py line 201  hp_ready: 0, hp_running: 1, hp_finished: 25, total: 30, pool_size: 3
2023-04-25 15:57:50,546 INFO     module.py    line 125  25/30, finished, ready: 0, running: 1
2023-04-25 15:57:50,719 INFO     abstract_optimizer.py line 201  hp_ready: 0, hp_running: 0, hp_finished: 26, total: 30, pool_size: 4
2023-04-25 15:57:50,954 INFO     abstract_optimizer.py line 201  hp_ready: 1, hp_running: 0, hp_finished: 26, total: 30, pool_size: 3
2023-04-25 15:57:50,956 INFO     module.py    line 125  26/30, finished, ready: 1, running: 0
2023-04-25 15:57:51,111 INFO     abstract_optimizer.py line 201  hp_ready: 1, hp_running: 0, hp_finished: 26, total: 30, pool_size: 3
2023-04-25 15:57:51,112 INFO     module.py    line 125  26/30, finished, ready: 1, running: 0
2023-04-25 15:57:51,273 INFO     abstract_optimizer.py line 201  hp_ready: 1, hp_running: 0, hp_finished: 26, total: 30, pool_size: 3
2023-04-25 15:57:51,275 INFO     module.py    line 125  26/30, finished, ready: 1, running: 0
2023-04-25 15:57:51,441 INFO     abstract_optimizer.py line 201  hp_ready: 0, hp_running: 1, hp_finished: 26, total: 30, pool_size: 3
2023-04-25 15:57:51,442 INFO     module.py    line 125  26/30, finished, ready: 0, running: 1
2023-04-25 15:57:51,601 INFO     abstract_optimizer.py line 201  hp_ready: 0, hp_running: 1, hp_finished: 26, total: 30, pool_size: 3
2023-04-25 15:57:51,602 INFO     module.py    line 125  26/30, finished, ready: 0, running: 1
2023-04-25 15:57:51,761 INFO     abstract_optimizer.py line 201  hp_ready: 0, hp_running: 1, hp_finished: 26, total: 30, pool_size: 3
2023-04-25 15:57:51,762 INFO     module.py    line 125  26/30, finished, ready: 0, running: 1
2023-04-25 15:57:51,926 INFO     abstract_optimizer.py line 201  hp_ready: 0, hp_running: 1, hp_finished: 26, total: 30, pool_size: 3
2023-04-25 15:57:51,928 INFO     module.py    line 125  26/30, finished, ready: 0, running: 1
2023-04-25 15:57:52,081 INFO     abstract_optimizer.py line 201  hp_ready: 0, hp_running: 1, hp_finished: 26, total: 30, pool_size: 3
2023-04-25 15:57:52,082 INFO     module.py    line 125  26/30, finished, ready: 0, running: 1
2023-04-25 15:57:52,239 INFO     abstract_optimizer.py line 201  hp_ready: 0, hp_running: 1, hp_finished: 26, total: 30, pool_size: 3
2023-04-25 15:57:52,241 INFO     module.py    line 125  26/30, finished, ready: 0, running: 1
2023-04-25 15:57:52,449 INFO     abstract_optimizer.py line 201  hp_ready: 0, hp_running: 1, hp_finished: 26, total: 30, pool_size: 3
2023-04-25 15:57:52,459 INFO     module.py    line 125  26/30, finished, ready: 0, running: 1
2023-04-25 15:57:52,606 INFO     abstract_optimizer.py line 201  hp_ready: 0, hp_running: 1, hp_finished: 26, total: 30, pool_size: 3
2023-04-25 15:57:52,608 INFO     module.py    line 125  26/30, finished, ready: 0, running: 1
2023-04-25 15:57:52,748 INFO     abstract_optimizer.py line 201  hp_ready: 0, hp_running: 1, hp_finished: 26, total: 30, pool_size: 3
2023-04-25 15:57:52,749 INFO     module.py    line 125  26/30, finished, ready: 0, running: 1
2023-04-25 15:57:52,919 INFO     abstract_optimizer.py line 201  hp_ready: 0, hp_running: 1, hp_finished: 26, total: 30, pool_size: 3
2023-04-25 15:57:52,926 INFO     module.py    line 125  26/30, finished, ready: 0, running: 1
2023-04-25 15:57:53,086 INFO     abstract_optimizer.py line 201  hp_ready: 0, hp_running: 1, hp_finished: 26, total: 30, pool_size: 3
2023-04-25 15:57:53,088 INFO     module.py    line 125  26/30, finished, ready: 0, running: 1
2023-04-25 15:57:53,226 INFO     abstract_optimizer.py line 201  hp_ready: 0, hp_running: 1, hp_finished: 26, total: 30, pool_size: 3
2023-04-25 15:57:53,228 INFO     module.py    line 125  26/30, finished, ready: 0, running: 1
2023-04-25 15:57:53,392 INFO     abstract_optimizer.py line 201  hp_ready: 0, hp_running: 1, hp_finished: 26, total: 30, pool_size: 3
2023-04-25 15:57:53,393 INFO     module.py    line 125  26/30, finished, ready: 0, running: 1
2023-04-25 15:57:53,540 INFO     abstract_optimizer.py line 201  hp_ready: 0, hp_running: 1, hp_finished: 26, total: 30, pool_size: 3
2023-04-25 15:57:53,778 INFO     abstract_optimizer.py line 201  hp_ready: 1, hp_running: 0, hp_finished: 27, total: 30, pool_size: 3
2023-04-25 15:57:53,779 INFO     module.py    line 125  27/30, finished, ready: 1, running: 0
2023-04-25 15:57:53,935 INFO     abstract_optimizer.py line 201  hp_ready: 1, hp_running: 0, hp_finished: 27, total: 30, pool_size: 3
2023-04-25 15:57:53,936 INFO     module.py    line 125  27/30, finished, ready: 1, running: 0
2023-04-25 15:57:54,094 INFO     abstract_optimizer.py line 201  hp_ready: 1, hp_running: 0, hp_finished: 27, total: 30, pool_size: 3
2023-04-25 15:57:54,095 INFO     module.py    line 125  27/30, finished, ready: 1, running: 0
2023-04-25 15:57:54,290 INFO     abstract_optimizer.py line 201  hp_ready: 0, hp_running: 1, hp_finished: 27, total: 30, pool_size: 3
2023-04-25 15:57:54,291 INFO     module.py    line 125  27/30, finished, ready: 0, running: 1
2023-04-25 15:57:54,450 INFO     abstract_optimizer.py line 201  hp_ready: 0, hp_running: 1, hp_finished: 27, total: 30, pool_size: 3
2023-04-25 15:57:54,451 INFO     module.py    line 125  27/30, finished, ready: 0, running: 1
2023-04-25 15:57:54,610 INFO     abstract_optimizer.py line 201  hp_ready: 0, hp_running: 1, hp_finished: 27, total: 30, pool_size: 3
2023-04-25 15:57:54,612 INFO     module.py    line 125  27/30, finished, ready: 0, running: 1
2023-04-25 15:57:54,774 INFO     abstract_optimizer.py line 201  hp_ready: 0, hp_running: 1, hp_finished: 27, total: 30, pool_size: 3
2023-04-25 15:57:54,775 INFO     module.py    line 125  27/30, finished, ready: 0, running: 1
2023-04-25 15:57:54,936 INFO     abstract_optimizer.py line 201  hp_ready: 0, hp_running: 1, hp_finished: 27, total: 30, pool_size: 3
2023-04-25 15:57:54,937 INFO     module.py    line 125  27/30, finished, ready: 0, running: 1
2023-04-25 15:57:55,096 INFO     abstract_optimizer.py line 201  hp_ready: 0, hp_running: 1, hp_finished: 27, total: 30, pool_size: 3
2023-04-25 15:57:55,097 INFO     module.py    line 125  27/30, finished, ready: 0, running: 1
2023-04-25 15:57:55,297 INFO     abstract_optimizer.py line 201  hp_ready: 0, hp_running: 1, hp_finished: 27, total: 30, pool_size: 3
2023-04-25 15:57:55,303 INFO     module.py    line 125  27/30, finished, ready: 0, running: 1
2023-04-25 15:57:55,466 INFO     abstract_optimizer.py line 201  hp_ready: 0, hp_running: 1, hp_finished: 27, total: 30, pool_size: 3
2023-04-25 15:57:55,468 INFO     module.py    line 125  27/30, finished, ready: 0, running: 1
2023-04-25 15:57:55,634 INFO     abstract_optimizer.py line 201  hp_ready: 0, hp_running: 1, hp_finished: 27, total: 30, pool_size: 3
2023-04-25 15:57:55,636 INFO     module.py    line 125  27/30, finished, ready: 0, running: 1
2023-04-25 15:57:55,798 INFO     abstract_optimizer.py line 201  hp_ready: 0, hp_running: 1, hp_finished: 27, total: 30, pool_size: 3
2023-04-25 15:57:55,802 INFO     module.py    line 125  27/30, finished, ready: 0, running: 1
2023-04-25 15:57:56,010 INFO     abstract_optimizer.py line 201  hp_ready: 0, hp_running: 1, hp_finished: 27, total: 30, pool_size: 3
2023-04-25 15:57:56,011 INFO     module.py    line 125  27/30, finished, ready: 0, running: 1
2023-04-25 15:57:56,147 INFO     abstract_optimizer.py line 201  hp_ready: 0, hp_running: 1, hp_finished: 27, total: 30, pool_size: 3
2023-04-25 15:57:56,148 INFO     module.py    line 125  27/30, finished, ready: 0, running: 1
2023-04-25 15:57:56,316 INFO     abstract_optimizer.py line 201  hp_ready: 0, hp_running: 1, hp_finished: 27, total: 30, pool_size: 3
2023-04-25 15:57:56,317 INFO     module.py    line 125  27/30, finished, ready: 0, running: 1
2023-04-25 15:57:56,474 INFO     abstract_optimizer.py line 201  hp_ready: 0, hp_running: 1, hp_finished: 27, total: 30, pool_size: 3
2023-04-25 15:57:56,475 INFO     module.py    line 125  27/30, finished, ready: 0, running: 1
2023-04-25 15:57:56,641 INFO     abstract_optimizer.py line 201  hp_ready: 0, hp_running: 0, hp_finished: 28, total: 30, pool_size: 4
2023-04-25 15:57:56,856 INFO     abstract_optimizer.py line 201  hp_ready: 1, hp_running: 0, hp_finished: 28, total: 30, pool_size: 3
2023-04-25 15:57:56,858 INFO     module.py    line 125  28/30, finished, ready: 1, running: 0
2023-04-25 15:57:57,018 INFO     abstract_optimizer.py line 201  hp_ready: 1, hp_running: 0, hp_finished: 28, total: 30, pool_size: 3
2023-04-25 15:57:57,019 INFO     module.py    line 125  28/30, finished, ready: 1, running: 0
2023-04-25 15:57:57,178 INFO     abstract_optimizer.py line 201  hp_ready: 1, hp_running: 0, hp_finished: 28, total: 30, pool_size: 3
2023-04-25 15:57:57,180 INFO     module.py    line 125  28/30, finished, ready: 1, running: 0
2023-04-25 15:57:57,350 INFO     abstract_optimizer.py line 201  hp_ready: 0, hp_running: 1, hp_finished: 28, total: 30, pool_size: 3
2023-04-25 15:57:57,351 INFO     module.py    line 125  28/30, finished, ready: 0, running: 1
2023-04-25 15:57:57,502 INFO     abstract_optimizer.py line 201  hp_ready: 0, hp_running: 1, hp_finished: 28, total: 30, pool_size: 3
2023-04-25 15:57:57,503 INFO     module.py    line 125  28/30, finished, ready: 0, running: 1
2023-04-25 15:57:57,658 INFO     abstract_optimizer.py line 201  hp_ready: 0, hp_running: 1, hp_finished: 28, total: 30, pool_size: 3
2023-04-25 15:57:57,659 INFO     module.py    line 125  28/30, finished, ready: 0, running: 1
2023-04-25 15:57:57,821 INFO     abstract_optimizer.py line 201  hp_ready: 0, hp_running: 1, hp_finished: 28, total: 30, pool_size: 3
2023-04-25 15:57:57,822 INFO     module.py    line 125  28/30, finished, ready: 0, running: 1
2023-04-25 15:57:57,980 INFO     abstract_optimizer.py line 201  hp_ready: 0, hp_running: 1, hp_finished: 28, total: 30, pool_size: 3
2023-04-25 15:57:57,981 INFO     module.py    line 125  28/30, finished, ready: 0, running: 1
2023-04-25 15:57:58,138 INFO     abstract_optimizer.py line 201  hp_ready: 0, hp_running: 1, hp_finished: 28, total: 30, pool_size: 3
2023-04-25 15:57:58,139 INFO     module.py    line 125  28/30, finished, ready: 0, running: 1
2023-04-25 15:57:58,348 INFO     abstract_optimizer.py line 201  hp_ready: 0, hp_running: 1, hp_finished: 28, total: 30, pool_size: 3
2023-04-25 15:57:58,354 INFO     module.py    line 125  28/30, finished, ready: 0, running: 1
2023-04-25 15:57:58,507 INFO     abstract_optimizer.py line 201  hp_ready: 0, hp_running: 1, hp_finished: 28, total: 30, pool_size: 3
2023-04-25 15:57:58,509 INFO     module.py    line 125  28/30, finished, ready: 0, running: 1
2023-04-25 15:57:58,646 INFO     abstract_optimizer.py line 201  hp_ready: 0, hp_running: 1, hp_finished: 28, total: 30, pool_size: 3
2023-04-25 15:57:58,648 INFO     module.py    line 125  28/30, finished, ready: 0, running: 1
2023-04-25 15:57:58,831 INFO     abstract_optimizer.py line 201  hp_ready: 0, hp_running: 1, hp_finished: 28, total: 30, pool_size: 3
2023-04-25 15:57:58,836 INFO     module.py    line 125  28/30, finished, ready: 0, running: 1
2023-04-25 15:57:58,993 INFO     abstract_optimizer.py line 201  hp_ready: 0, hp_running: 1, hp_finished: 28, total: 30, pool_size: 3
2023-04-25 15:57:58,994 INFO     module.py    line 125  28/30, finished, ready: 0, running: 1
2023-04-25 15:57:59,133 INFO     abstract_optimizer.py line 201  hp_ready: 0, hp_running: 1, hp_finished: 28, total: 30, pool_size: 3
2023-04-25 15:57:59,134 INFO     module.py    line 125  28/30, finished, ready: 0, running: 1
2023-04-25 15:57:59,340 INFO     abstract_optimizer.py line 201  hp_ready: 0, hp_running: 1, hp_finished: 28, total: 30, pool_size: 3
2023-04-25 15:57:59,341 INFO     module.py    line 125  28/30, finished, ready: 0, running: 1
2023-04-25 15:57:59,502 INFO     abstract_optimizer.py line 201  hp_ready: 0, hp_running: 1, hp_finished: 28, total: 30, pool_size: 3
2023-04-25 15:58:02,498 INFO     abstract_optimizer.py line 177  Optimizer delete alive file.
2023-04-25 15:58:02,498 INFO     abstract_optimizer.py line 178  Optimizer finished.
